TN:
SF:src/App.tsx
FN:16,BootstrapGate
FN:21,App
FNF:2
FNH:0
FNDA:0,BootstrapGate
FNDA:0,App
DA:7,0
DA:17,0
DA:18,0
DA:22,0
LF:4
LH:0
BRF:0
BRH:0
end_of_record
TN:
SF:src/application/services/AgentService.ts
FN:19,(anonymous_0)
FN:22,(anonymous_1)
FN:27,(anonymous_2)
FN:32,(anonymous_3)
FN:37,(anonymous_4)
FN:42,(anonymous_5)
FN:47,(anonymous_6)
FN:52,(anonymous_7)
FN:57,(anonymous_8)
FN:64,(anonymous_9)
FN:69,(anonymous_10)
FN:77,(anonymous_11)
FN:86,(anonymous_12)
FNF:13
FNH:8
FNDA:1,(anonymous_0)
FNDA:1,(anonymous_1)
FNDA:1,(anonymous_2)
FNDA:0,(anonymous_3)
FNDA:0,(anonymous_4)
FNDA:1,(anonymous_5)
FNDA:1,(anonymous_6)
FNDA:1,(anonymous_7)
FNDA:1,(anonymous_8)
FNDA:0,(anonymous_9)
FNDA:1,(anonymous_10)
FNDA:0,(anonymous_11)
FNDA:0,(anonymous_12)
DA:19,1
DA:23,1
DA:28,1
DA:33,0
DA:38,0
DA:43,1
DA:48,1
DA:53,1
DA:58,1
DA:65,0
DA:73,1
DA:82,0
DA:87,0
LF:13
LH:8
BRDA:22,0,0,0
BRF:1
BRH:0
end_of_record
TN:
SF:src/application/services/AttachmentService.ts
FN:9,(anonymous_0)
FN:11,(anonymous_1)
FN:15,(anonymous_2)
FNF:3
FNH:3
FNDA:1,(anonymous_0)
FNDA:1,(anonymous_1)
FNDA:1,(anonymous_2)
DA:9,1
DA:12,1
DA:16,1
LF:3
LH:3
BRF:0
BRH:0
end_of_record
TN:
SF:src/application/services/AuthService.ts
FN:14,(anonymous_0)
FN:16,(anonymous_1)
FN:20,(anonymous_2)
FN:31,(anonymous_3)
FN:45,(anonymous_4)
FN:72,(anonymous_5)
FN:76,(anonymous_6)
FN:80,(anonymous_7)
FN:84,(anonymous_8)
FN:90,(anonymous_9)
FNF:10
FNH:5
FNDA:7,(anonymous_0)
FNDA:0,(anonymous_1)
FNDA:1,(anonymous_2)
FNDA:0,(anonymous_3)
FNDA:5,(anonymous_4)
FNDA:0,(anonymous_5)
FNDA:0,(anonymous_6)
FNDA:0,(anonymous_7)
FNDA:1,(anonymous_8)
FNDA:3,(anonymous_9)
DA:14,7
DA:17,0
DA:21,1
DA:22,1
DA:23,1
DA:24,1
DA:32,0
DA:33,0
DA:34,0
DA:35,0
DA:46,5
DA:47,5
DA:48,2
DA:49,2
DA:50,1
DA:52,1
DA:57,4
DA:58,4
DA:59,3
DA:60,3
DA:61,2
DA:62,2
DA:63,2
DA:66,1
DA:67,1
DA:68,1
DA:73,0
DA:77,0
DA:81,0
DA:85,1
DA:87,1
DA:91,3
DA:92,3
DA:94,3
LF:34
LH:26
BRDA:47,0,0,2
BRDA:47,0,1,3
BRDA:58,1,0,1
BRDA:58,1,1,3
BRDA:92,2,0,3
BRDA:92,2,1,0
BRDA:94,3,0,3
BRDA:94,3,1,0
BRF:8
BRH:6
end_of_record
TN:
SF:src/application/services/ConversationService.ts
FN:21,(anonymous_0)
FN:24,(anonymous_1)
FN:29,(anonymous_2)
FN:34,(anonymous_3)
FN:39,(anonymous_4)
FN:44,(anonymous_5)
FN:52,(anonymous_6)
FN:57,(anonymous_7)
FN:62,(anonymous_8)
FN:67,(anonymous_9)
FNF:10
FNH:10
FNDA:1,(anonymous_0)
FNDA:1,(anonymous_1)
FNDA:1,(anonymous_2)
FNDA:1,(anonymous_3)
FNDA:1,(anonymous_4)
FNDA:1,(anonymous_5)
FNDA:1,(anonymous_6)
FNDA:1,(anonymous_7)
FNDA:1,(anonymous_8)
FNDA:1,(anonymous_9)
DA:21,1
DA:25,1
DA:30,1
DA:35,1
DA:40,1
DA:48,1
DA:53,1
DA:58,1
DA:63,1
DA:68,1
LF:10
LH:10
BRF:0
BRH:0
end_of_record
TN:
SF:src/application/services/EmbeddingKeyService.ts
FN:11,(anonymous_0)
FN:14,(anonymous_1)
FN:19,(anonymous_2)
FN:24,(anonymous_3)
FNF:4
FNH:4
FNDA:1,(anonymous_0)
FNDA:1,(anonymous_1)
FNDA:1,(anonymous_2)
FNDA:1,(anonymous_3)
DA:11,1
DA:15,1
DA:20,1
DA:25,1
LF:4
LH:4
BRF:0
BRH:0
end_of_record
TN:
SF:src/application/services/EpisodeService.ts
FN:16,(anonymous_0)
FN:18,(anonymous_1)
FN:25,(anonymous_2)
FNF:3
FNH:3
FNDA:1,(anonymous_0)
FNDA:1,(anonymous_1)
FNDA:1,(anonymous_2)
DA:16,1
DA:22,1
DA:26,1
LF:3
LH:3
BRF:0
BRH:0
end_of_record
TN:
SF:src/application/services/FlowService.ts
FN:18,(anonymous_0)
FN:20,(anonymous_1)
FN:24,(anonymous_2)
FN:28,(anonymous_3)
FN:32,(anonymous_4)
FN:36,(anonymous_5)
FN:40,(anonymous_6)
FN:44,(anonymous_7)
FN:48,(anonymous_8)
FNF:9
FNH:9
FNDA:1,(anonymous_0)
FNDA:1,(anonymous_1)
FNDA:1,(anonymous_2)
FNDA:1,(anonymous_3)
FNDA:1,(anonymous_4)
FNDA:1,(anonymous_5)
FNDA:1,(anonymous_6)
FNDA:1,(anonymous_7)
FNDA:1,(anonymous_8)
DA:18,1
DA:21,1
DA:25,1
DA:29,1
DA:33,1
DA:37,1
DA:41,1
DA:45,1
DA:52,1
LF:9
LH:9
BRF:0
BRH:0
end_of_record
TN:
SF:src/application/services/KnowledgeService.ts
FN:21,(anonymous_0)
FN:24,(anonymous_1)
FN:29,(anonymous_2)
FN:34,(anonymous_3)
FN:39,(anonymous_4)
FN:44,(anonymous_5)
FN:52,(anonymous_6)
FN:60,(anonymous_7)
FN:65,(anonymous_8)
FN:70,(anonymous_9)
FN:78,(anonymous_10)
FNF:11
FNH:7
FNDA:1,(anonymous_0)
FNDA:1,(anonymous_1)
FNDA:1,(anonymous_2)
FNDA:1,(anonymous_3)
FNDA:1,(anonymous_4)
FNDA:0,(anonymous_5)
FNDA:0,(anonymous_6)
FNDA:1,(anonymous_7)
FNDA:0,(anonymous_8)
FNDA:1,(anonymous_9)
FNDA:0,(anonymous_10)
DA:21,1
DA:25,1
DA:30,1
DA:35,1
DA:40,1
DA:48,0
DA:56,0
DA:61,1
DA:66,0
DA:74,1
DA:79,0
LF:11
LH:7
BRF:0
BRH:0
end_of_record
TN:
SF:src/application/services/LlmProviderService.ts
FN:6,(anonymous_0)
FN:9,(anonymous_1)
FN:17,(anonymous_2)
FNF:3
FNH:3
FNDA:1,(anonymous_0)
FNDA:1,(anonymous_1)
FNDA:1,(anonymous_2)
DA:6,1
DA:10,1
DA:18,1
LF:3
LH:3
BRF:0
BRH:0
end_of_record
TN:
SF:src/application/services/McpConnectorService.ts
FN:19,(anonymous_0)
FN:22,(anonymous_1)
FN:32,(anonymous_2)
FN:38,(anonymous_3)
FN:43,(anonymous_4)
FN:48,(anonymous_5)
FN:54,(anonymous_6)
FNF:7
FNH:7
FNDA:1,(anonymous_0)
FNDA:1,(anonymous_1)
FNDA:1,(anonymous_2)
FNDA:1,(anonymous_3)
FNDA:1,(anonymous_4)
FNDA:1,(anonymous_5)
FNDA:1,(anonymous_6)
DA:19,1
DA:23,1
DA:33,1
DA:39,1
DA:44,1
DA:49,1
DA:55,1
LF:7
LH:7
BRF:0
BRH:0
end_of_record
TN:
SF:src/application/services/ModelService.ts
FN:11,(anonymous_0)
FN:13,(anonymous_1)
FN:17,(anonymous_2)
FN:22,(anonymous_3)
FNF:4
FNH:4
FNDA:1,(anonymous_0)
FNDA:1,(anonymous_1)
FNDA:1,(anonymous_2)
FNDA:1,(anonymous_3)
DA:11,1
DA:14,1
DA:18,1
DA:23,1
LF:4
LH:4
BRF:0
BRH:0
end_of_record
TN:
SF:src/application/services/PragnaFlowService.ts
FN:10,(anonymous_0)
FN:13,(anonymous_1)
FNF:2
FNH:2
FNDA:1,(anonymous_0)
FNDA:1,(anonymous_1)
DA:10,1
DA:14,1
LF:2
LH:2
BRF:0
BRH:0
end_of_record
TN:
SF:src/application/services/ProviderService.ts
FN:7,(anonymous_0)
FN:10,(anonymous_1)
FN:18,(anonymous_2)
FN:26,(anonymous_3)
FN:31,(anonymous_4)
FN:36,(anonymous_5)
FNF:6
FNH:6
FNDA:1,(anonymous_0)
FNDA:1,(anonymous_1)
FNDA:1,(anonymous_2)
FNDA:1,(anonymous_3)
FNDA:1,(anonymous_4)
FNDA:1,(anonymous_5)
DA:7,1
DA:11,1
DA:19,1
DA:27,1
DA:32,1
DA:37,1
LF:6
LH:6
BRF:0
BRH:0
end_of_record
TN:
SF:src/application/services/ToolService.ts
FN:9,(anonymous_0)
FN:12,(anonymous_1)
FN:18,(anonymous_2)
FNF:3
FNH:3
FNDA:1,(anonymous_0)
FNDA:1,(anonymous_1)
FNDA:1,(anonymous_2)
DA:9,1
DA:13,1
DA:19,1
LF:3
LH:3
BRF:0
BRH:0
end_of_record
TN:
SF:src/assets/providerLogos.ts
FN:12,(anonymous_0)
FNF:1
FNH:0
FNDA:0,(anonymous_0)
DA:5,0
DA:11,0
DA:13,0
DA:14,0
DA:22,0
LF:5
LH:0
BRF:0
BRH:0
end_of_record
TN:
SF:src/constants/api.ts
FN:4,(anonymous_0)
FNF:1
FNH:1
FNDA:5,(anonymous_0)
DA:4,1
DA:5,5
DA:11,1
DA:23,1
DA:29,1
DA:32,1
DA:35,1
LF:7
LH:7
BRDA:5,0,0,4
BRDA:5,0,1,1
BRDA:5,1,0,5
BRDA:5,1,1,4
BRF:4
BRH:4
end_of_record
TN:
SF:src/constants/attachments.ts
FN:32,isImageType
FN:37,isPdfType
FNF:2
FNH:1
FNDA:4,isImageType
FNDA:0,isPdfType
DA:10,1
DA:29,1
DA:33,4
DA:38,0
LF:4
LH:3
BRF:0
BRH:0
end_of_record
TN:
SF:src/constants/auth0.ts
FN:26,(anonymous_0)
FN:31,(anonymous_1)
FN:32,(anonymous_2)
FN:39,(anonymous_3)
FNF:4
FNH:0
FNDA:0,(anonymous_0)
FNDA:0,(anonymous_1)
FNDA:0,(anonymous_2)
FNDA:0,(anonymous_3)
DA:3,0
DA:4,0
DA:5,0
DA:7,0
DA:11,0
DA:24,0
DA:26,0
DA:27,0
DA:28,0
DA:29,0
DA:31,0
DA:32,0
DA:33,0
DA:36,0
DA:39,0
DA:40,0
DA:43,0
DA:62,0
LF:18
LH:0
BRDA:3,0,0,0
BRDA:3,0,1,0
BRDA:4,1,0,0
BRDA:4,1,1,0
BRDA:5,2,0,0
BRDA:5,2,1,0
BRDA:28,3,0,0
BRDA:28,3,1,0
BRDA:28,4,0,0
BRDA:28,4,1,0
BRDA:32,5,0,0
BRDA:32,5,1,0
BRDA:32,5,2,0
BRDA:33,6,0,0
BRDA:33,6,1,0
BRF:15
BRH:0
end_of_record
TN:
SF:src/constants/chat.ts
FNF:0
FNH:0
DA:9,3
DA:17,3
LF:2
LH:2
BRF:0
BRH:0
end_of_record
TN:
SF:src/constants/edgeConditions.ts
FNF:0
FNH:0
DA:2,4
DA:13,4
DA:27,4
LF:3
LH:3
BRF:0
BRH:0
end_of_record
TN:
SF:src/constants/errors.ts
FNF:0
FNH:0
DA:12,0
LF:1
LH:0
BRF:0
BRH:0
end_of_record
TN:
SF:src/constants/markdown.ts
FNF:0
FNH:0
DA:15,2
DA:22,2
DA:32,2
DA:33,2
DA:36,2
DA:50,2
DA:77,2
DA:78,2
LF:8
LH:8
BRF:0
BRH:0
end_of_record
TN:
SF:src/constants/pagination.ts
FNF:0
FNH:0
DA:2,3
DA:3,3
LF:2
LH:2
BRF:0
BRH:0
end_of_record
TN:
SF:src/constants/providers.ts
FN:19,providerColor
FN:26,providerInitial
FN:103,serializeCredentials
FNF:3
FNH:0
FNDA:0,providerColor
FNDA:0,providerInitial
FNDA:0,serializeCredentials
DA:6,0
DA:22,0
DA:27,0
DA:28,0
DA:50,0
DA:107,0
DA:109,0
DA:111,0
DA:117,0
LF:9
LH:0
BRDA:28,0,0,0
BRDA:28,0,1,0
BRDA:107,1,0,0
BRDA:107,1,1,0
BRDA:107,1,2,0
BRDA:109,2,0,0
BRDA:109,2,1,0
BRDA:112,3,0,0
BRDA:112,3,1,0
BRDA:113,4,0,0
BRDA:113,4,1,0
BRDA:114,5,0,0
BRDA:114,5,1,0
BRDA:117,6,0,0
BRDA:117,6,1,0
BRF:15
BRH:0
end_of_record
TN:
SF:src/constants/routes.ts
FNF:0
FNH:0
DA:1,1
LF:1
LH:1
BRF:0
BRH:0
end_of_record
TN:
SF:src/constants/slashCommands.ts
FNF:0
FNH:0
DA:16,1
DA:19,1
LF:2
LH:2
BRF:0
BRH:0
end_of_record
TN:
SF:src/domain/errors/PragnaError.ts
FN:15,(anonymous_0)
FN:24,(anonymous_1)
FN:30,isPragnaError
FNF:3
FNH:0
FNDA:0,(anonymous_0)
FNDA:0,(anonymous_1)
FNDA:0,isPragnaError
DA:16,0
DA:17,0
DA:18,0
DA:19,0
DA:20,0
DA:25,0
DA:31,0
LF:7
LH:0
BRDA:20,0,0,0
BRDA:20,0,1,0
BRF:2
BRH:0
end_of_record
TN:
SF:src/domain/utils/formatCost.ts
FN:4,formatUsd
FN:13,formatCostPerMillion
FNF:2
FNH:2
FNDA:20,formatUsd
FNDA:4,formatCostPerMillion
DA:1,2
DA:2,2
DA:5,20
DA:6,20
DA:7,17
DA:8,15
DA:9,13
DA:10,4
DA:14,4
DA:15,4
DA:16,2
DA:17,2
LF:12
LH:12
BRDA:5,0,0,6
BRDA:5,0,1,14
BRDA:6,1,0,3
BRDA:6,1,1,17
BRDA:7,2,0,2
BRDA:7,2,1,15
BRDA:8,3,0,2
BRDA:8,3,1,13
BRDA:9,4,0,9
BRDA:9,4,1,4
BRDA:14,5,0,2
BRDA:14,5,1,2
BRDA:15,6,0,2
BRDA:15,6,1,2
BRDA:15,7,0,4
BRDA:15,7,1,3
BRF:16
BRH:16
end_of_record
TN:
SF:src/domain/utils/parseJwt.ts
FN:11,decodeJwtPayload
FN:23,isTokenExpired
FN:31,userFromIdToken
FNF:3
FNH:3
FNDA:13,decodeJwtPayload
FNDA:5,isTokenExpired
FNDA:4,userFromIdToken
DA:12,13
DA:13,13
DA:14,13
DA:15,11
DA:16,11
DA:17,10
DA:19,1
DA:24,5
DA:25,5
DA:26,4
DA:32,4
DA:33,4
DA:34,3
DA:35,3
LF:14
LH:14
BRDA:14,0,0,2
BRDA:14,0,1,11
BRDA:23,1,0,3
BRDA:25,2,0,1
BRDA:25,2,1,4
BRDA:33,3,0,1
BRDA:33,3,1,3
BRDA:37,4,0,3
BRDA:37,4,1,2
BRDA:38,5,0,3
BRDA:38,5,1,2
BRDA:38,5,2,1
BRF:12
BRH:12
end_of_record
TN:
SF:src/domain/utils/slugify.ts
FN:8,slugify
FNF:1
FNH:1
FNDA:10,slugify
DA:9,10
LF:1
LH:1
BRF:0
BRH:0
end_of_record
TN:
SF:src/infrastructure/runtime.ts
FN:3,isTauriRuntime
FNF:1
FNH:1
FNDA:9,isTauriRuntime
DA:4,9
LF:1
LH:1
BRDA:4,0,0,9
BRDA:4,0,1,9
BRF:2
BRH:2
end_of_record
TN:
SF:src/infrastructure/agui/TauriHttpAgent.ts
FN:35,(anonymous_0)
FN:67,(anonymous_1)
FNF:2
FNH:0
FNDA:0,(anonymous_0)
FNDA:0,(anonymous_1)
DA:36,0
DA:40,0
DA:68,0
DA:81,0
DA:83,0
DA:84,0
DA:92,0
DA:93,0
DA:95,0
LF:9
LH:0
BRF:0
BRH:0
end_of_record
TN:
SF:src/infrastructure/agui/tauriHttpRequest.ts
FN:42,runHttpRequestViaTauri
FN:46,(anonymous_1)
FN:47,(anonymous_2)
FN:51,(anonymous_3)
FN:67,(anonymous_4)
FN:80,(anonymous_5)
FN:86,(anonymous_6)
FN:89,(anonymous_7)
FN:102,(anonymous_8)
FN:104,(anonymous_9)
FNF:10
FNH:0
FNDA:0,runHttpRequestViaTauri
FNDA:0,(anonymous_1)
FNDA:0,(anonymous_2)
FNDA:0,(anonymous_3)
FNDA:0,(anonymous_4)
FNDA:0,(anonymous_5)
FNDA:0,(anonymous_6)
FNDA:0,(anonymous_7)
FNDA:0,(anonymous_8)
FNDA:0,(anonymous_9)
DA:46,0
DA:48,0
DA:49,0
DA:50,0
DA:52,0
DA:53,0
DA:54,0
DA:55,0
DA:60,0
DA:65,0
DA:66,0
DA:67,0
DA:72,0
DA:77,0
DA:78,0
DA:80,0
DA:81,0
DA:82,0
DA:86,0
DA:87,0
DA:88,0
DA:89,0
DA:90,0
DA:91,0
DA:92,0
DA:93,0
DA:94,0
DA:96,0
DA:98,0
DA:102,0
DA:103,0
DA:104,0
LF:32
LH:0
BRDA:48,0,0,0
BRDA:48,0,1,0
BRDA:49,1,0,0
BRDA:49,1,1,0
BRDA:53,2,0,0
BRDA:53,2,1,0
BRDA:62,3,0,0
BRDA:62,3,1,0
BRDA:78,4,0,0
BRDA:78,4,1,0
BRDA:93,5,0,0
BRDA:93,5,1,0
BRDA:93,6,0,0
BRDA:93,6,1,0
BRDA:96,7,0,0
BRDA:96,7,1,0
BRDA:98,8,0,0
BRDA:98,8,1,0
BRF:18
BRH:0
end_of_record
TN:
SF:src/infrastructure/auth0/Auth0Repository.ts
FN:53,(anonymous_0)
FN:60,(anonymous_1)
FN:73,(anonymous_2)
FN:81,(anonymous_3)
FN:95,(anonymous_4)
FN:111,(anonymous_5)
FN:135,(anonymous_6)
FN:141,(anonymous_7)
FN:151,(anonymous_8)
FN:171,(anonymous_9)
FN:198,(anonymous_10)
FN:199,(anonymous_11)
FN:203,(anonymous_12)
FN:210,(anonymous_13)
FN:215,(anonymous_14)
FN:218,(anonymous_15)
FN:219,(anonymous_16)
FN:219,(anonymous_17)
FN:225,(anonymous_18)
FN:226,(anonymous_19)
FN:239,(anonymous_20)
FN:250,(anonymous_21)
FN:266,(anonymous_22)
FNF:23
FNH:0
FNDA:0,(anonymous_0)
FNDA:0,(anonymous_1)
FNDA:0,(anonymous_2)
FNDA:0,(anonymous_3)
FNDA:0,(anonymous_4)
FNDA:0,(anonymous_5)
FNDA:0,(anonymous_6)
FNDA:0,(anonymous_7)
FNDA:0,(anonymous_8)
FNDA:0,(anonymous_9)
FNDA:0,(anonymous_10)
FNDA:0,(anonymous_11)
FNDA:0,(anonymous_12)
FNDA:0,(anonymous_13)
FNDA:0,(anonymous_14)
FNDA:0,(anonymous_15)
FNDA:0,(anonymous_16)
FNDA:0,(anonymous_17)
FNDA:0,(anonymous_18)
FNDA:0,(anonymous_19)
FNDA:0,(anonymous_20)
FNDA:0,(anonymous_21)
FNDA:0,(anonymous_22)
DA:44,0
DA:45,0
DA:46,0
DA:47,0
DA:54,0
DA:55,0
DA:61,0
DA:72,0
DA:73,0
DA:74,0
DA:76,0
DA:82,0
DA:94,0
DA:95,0
DA:96,0
DA:98,0
DA:99,0
DA:112,0
DA:121,0
DA:122,0
DA:123,0
DA:136,0
DA:137,0
DA:138,0
DA:140,0
DA:141,0
DA:144,0
DA:145,0
DA:148,0
DA:157,0
DA:168,0
DA:176,0
DA:187,0
DA:188,0
DA:189,0
DA:199,0
DA:200,0
DA:201,0
DA:202,0
DA:204,0
DA:205,0
DA:206,0
DA:209,0
DA:210,0
DA:211,0
DA:216,0
DA:217,0
DA:218,0
DA:219,0
DA:223,0
DA:224,0
DA:225,0
DA:227,0
DA:228,0
DA:231,0
DA:240,0
DA:241,0
DA:242,0
DA:243,0
DA:245,0
DA:246,0
DA:247,0
DA:251,0
DA:254,0
DA:255,0
DA:256,0
DA:257,0
DA:267,0
DA:268,0
LF:69
LH:0
BRDA:69,0,0,0
BRDA:69,0,1,0
BRDA:72,1,0,0
BRDA:72,1,1,0
BRDA:74,2,0,0
BRDA:74,2,1,0
BRDA:76,3,0,0
BRDA:76,3,1,0
BRDA:94,4,0,0
BRDA:94,4,1,0
BRDA:96,5,0,0
BRDA:96,5,1,0
BRDA:121,6,0,0
BRDA:121,6,1,0
BRDA:126,7,0,0
BRDA:126,7,1,0
BRDA:144,8,0,0
BRDA:144,8,1,0
BRDA:187,9,0,0
BRDA:187,9,1,0
BRDA:216,10,0,0
BRDA:216,10,1,0
BRDA:220,11,0,0
BRDA:220,11,1,0
BRDA:223,12,0,0
BRDA:223,12,1,0
BRDA:225,13,0,0
BRDA:225,13,1,0
BRDA:227,14,0,0
BRDA:227,14,1,0
BRDA:228,15,0,0
BRDA:228,15,1,0
BRDA:241,16,0,0
BRDA:241,16,1,0
BRDA:243,17,0,0
BRDA:243,17,1,0
BRDA:246,18,0,0
BRDA:246,18,1,0
BRDA:254,19,0,0
BRDA:254,19,1,0
BRDA:256,20,0,0
BRDA:256,20,1,0
BRDA:259,21,0,0
BRDA:259,21,1,0
BRDA:260,22,0,0
BRDA:260,22,1,0
BRDA:260,22,2,0
BRF:47
BRH:0
end_of_record
TN:
SF:src/infrastructure/auth0/auth0Pkce.ts
FN:1,base64UrlEncode
FN:10,generateCodeVerifier
FN:16,generateCodeChallenge
FNF:3
FNH:0
FNDA:0,base64UrlEncode
FNDA:0,generateCodeVerifier
FNDA:0,generateCodeChallenge
DA:2,0
DA:3,0
DA:4,0
DA:5,0
DA:7,0
DA:11,0
DA:12,0
DA:13,0
DA:17,0
DA:18,0
DA:19,0
LF:11
LH:0
BRF:0
BRH:0
end_of_record
TN:
SF:src/infrastructure/auth0/tauriLoopbackAuthFlow.ts
FN:85,isTauriRuntime
FN:94,toUrl
FN:119,(anonymous_2)
FN:149,(anonymous_3)
FN:150,(anonymous_4)
FN:155,(anonymous_5)
FN:185,(anonymous_6)
FN:190,(anonymous_7)
FN:197,(anonymous_8)
FNF:9
FNH:0
FNDA:0,isTauriRuntime
FNDA:0,toUrl
FNDA:0,(anonymous_2)
FNDA:0,(anonymous_3)
FNDA:0,(anonymous_4)
FNDA:0,(anonymous_5)
FNDA:0,(anonymous_6)
FNDA:0,(anonymous_7)
FNDA:0,(anonymous_8)
DA:14,0
DA:21,0
DA:86,0
DA:95,0
DA:96,0
DA:98,0
DA:99,0
DA:101,0
DA:122,0
DA:125,0
DA:126,0
DA:133,0
DA:136,0
DA:138,0
DA:141,0
DA:144,0
DA:145,0
DA:148,0
DA:149,0
DA:150,0
DA:151,0
DA:152,0
DA:155,0
DA:156,0
DA:157,0
DA:158,0
DA:159,0
DA:161,0
DA:162,0
DA:163,0
DA:164,0
DA:169,0
DA:170,0
DA:172,0
DA:173,0
DA:174,0
DA:176,0
DA:177,0
DA:179,0
DA:180,0
DA:185,0
DA:186,0
DA:190,0
DA:191,0
DA:192,0
DA:196,0
DA:197,0
LF:47
LH:0
BRDA:86,0,0,0
BRDA:86,0,1,0
BRDA:122,1,0,0
BRDA:122,1,1,0
BRDA:157,2,0,0
BRDA:157,2,1,0
BRDA:163,3,0,0
BRDA:163,3,1,0
BRDA:167,4,0,0
BRDA:167,4,1,0
BRDA:174,5,0,0
BRDA:174,5,1,0
BRDA:174,6,0,0
BRDA:174,6,1,0
BRDA:196,7,0,0
BRDA:196,7,1,0
BRF:16
BRH:0
end_of_record
TN:
SF:src/infrastructure/http/authInterceptor.ts
FN:16,applyAuthInterceptor
FN:20,(anonymous_1)
FN:29,(anonymous_2)
FN:30,(anonymous_3)
FNF:4
FNH:0
FNDA:0,applyAuthInterceptor
FNDA:0,(anonymous_1)
FNDA:0,(anonymous_2)
FNDA:0,(anonymous_3)
DA:6,0
DA:20,0
DA:21,0
DA:22,0
DA:23,0
DA:25,0
DA:28,0
DA:29,0
DA:31,0
DA:32,0
DA:33,0
DA:34,0
DA:36,0
LF:13
LH:0
BRDA:22,0,0,0
BRDA:22,0,1,0
BRDA:31,1,0,0
BRDA:31,1,1,0
BRDA:31,2,0,0
BRDA:31,2,1,0
BRF:6
BRH:0
end_of_record
TN:
SF:src/infrastructure/http/axiosClient.ts
FN:6,isTauriRuntime
FNF:1
FNH:0
FNDA:0,isTauriRuntime
DA:7,0
DA:10,0
LF:2
LH:0
BRDA:7,0,0,0
BRDA:7,0,1,0
BRDA:17,1,0,0
BRDA:17,1,1,0
BRF:4
BRH:0
end_of_record
TN:
SF:src/infrastructure/http/correlationInterceptor.ts
FN:6,applyCorrelationInterceptor
FN:7,(anonymous_1)
FNF:2
FNH:0
FNDA:0,applyCorrelationInterceptor
FNDA:0,(anonymous_1)
DA:4,0
DA:7,0
DA:8,0
DA:9,0
LF:4
LH:0
BRF:0
BRH:0
end_of_record
TN:
SF:src/infrastructure/http/tauriFetch.ts
FN:4,isTauriRuntime
FNF:1
FNH:0
FNDA:0,isTauriRuntime
DA:5,0
DA:23,0
LF:2
LH:0
BRDA:5,0,0,0
BRDA:5,0,1,0
BRDA:23,1,0,0
BRDA:23,1,1,0
BRF:4
BRH:0
end_of_record
TN:
SF:src/infrastructure/http/tauriHttpAdapter.ts
FN:23,buildUrl
FN:43,toHeaderRecord
FN:53,(anonymous_2)
FN:105,(anonymous_3)
FN:129,safeJsonParse
FNF:5
FNH:5
FNDA:8,buildUrl
FNDA:8,toHeaderRecord
FNDA:8,(anonymous_2)
FNDA:7,(anonymous_3)
FNDA:4,safeJsonParse
DA:24,8
DA:25,8
DA:27,8
DA:31,8
DA:32,1
DA:33,1
DA:34,2
DA:35,1
DA:37,1
DA:38,1
DA:39,1
DA:44,8
DA:45,8
DA:46,8
DA:47,1
DA:48,1
DA:50,8
DA:53,1
DA:54,8
DA:55,8
DA:56,8
DA:57,8
DA:59,8
DA:63,8
DA:64,1
DA:65,1
DA:70,8
DA:71,8
DA:80,1
DA:88,7
DA:90,7
DA:94,1
DA:95,6
DA:96,1
DA:97,5
DA:98,1
DA:100,4
DA:101,4
DA:104,7
DA:105,7
DA:107,7
DA:116,7
DA:117,7
DA:118,6
DA:120,1
DA:130,4
DA:131,4
DA:133,1
LF:48
LH:48
BRDA:24,0,0,8
BRDA:24,0,1,7
BRDA:25,1,0,8
BRDA:25,1,1,0
BRDA:27,2,0,1
BRDA:27,2,1,7
BRDA:27,3,0,8
BRDA:27,3,1,1
BRDA:27,3,2,1
BRDA:29,4,0,7
BRDA:29,4,1,0
BRDA:31,5,0,7
BRDA:31,5,1,1
BRDA:34,6,0,1
BRDA:34,6,1,1
BRDA:34,7,0,2
BRDA:34,7,1,2
BRDA:38,8,0,0
BRDA:38,8,1,1
BRDA:39,9,0,0
BRDA:39,9,1,1
BRDA:47,10,0,0
BRDA:47,10,1,1
BRDA:47,11,0,1
BRDA:47,11,1,1
BRDA:48,12,0,0
BRDA:48,12,1,1
BRDA:55,13,0,8
BRDA:55,13,1,0
BRDA:56,14,0,8
BRDA:56,14,1,1
BRDA:56,14,2,1
BRDA:56,14,3,1
BRDA:57,15,0,8
BRDA:57,15,1,1
BRDA:57,15,2,1
BRDA:63,16,0,1
BRDA:63,16,1,7
BRDA:65,17,0,1
BRDA:65,17,1,0
BRDA:76,18,0,1
BRDA:76,18,1,7
BRDA:81,19,0,1
BRDA:81,19,1,0
BRDA:88,20,0,7
BRDA:88,20,1,4
BRDA:90,21,0,1
BRDA:90,21,1,6
BRDA:95,22,0,1
BRDA:95,22,1,5
BRDA:97,23,0,1
BRDA:97,23,1,4
BRDA:101,24,0,4
BRDA:101,24,1,0
BRDA:117,25,0,6
BRDA:117,25,1,1
BRDA:117,26,0,7
BRDA:117,26,1,1
BRDA:122,27,0,0
BRDA:122,27,1,1
BRF:60
BRH:49
end_of_record
TN:
SF:src/infrastructure/logging/correlationStore.ts
FN:3,getCorrelationId
FN:7,resetCorrelationId
FNF:2
FNH:0
FNDA:0,getCorrelationId
FNDA:0,resetCorrelationId
DA:1,1
DA:4,0
DA:8,0
LF:3
LH:1
BRF:0
BRH:0
end_of_record
TN:
SF:src/infrastructure/logging/logger.ts
FN:20,emit
FN:37,errorContext
FN:44,(anonymous_2)
FN:45,(anonymous_3)
FN:46,(anonymous_4)
FN:47,(anonymous_5)
FN:50,(anonymous_6)
FNF:7
FNH:0
FNDA:0,emit
FNDA:0,errorContext
FNDA:0,(anonymous_2)
FNDA:0,(anonymous_3)
FNDA:0,(anonymous_4)
FNDA:0,(anonymous_5)
FNDA:0,(anonymous_6)
DA:7,1
DA:14,1
DA:15,1
DA:16,1
DA:18,1
DA:21,0
DA:23,0
DA:31,0
DA:32,0
DA:38,0
DA:39,0
DA:40,0
DA:43,1
DA:44,0
DA:45,0
DA:46,0
DA:47,0
DA:51,0
DA:52,0
LF:19
LH:6
BRDA:15,0,0,1
BRDA:15,0,1,0
BRDA:16,1,0,0
BRDA:16,1,1,1
BRDA:21,2,0,0
BRDA:21,2,1,0
BRDA:38,3,0,0
BRDA:38,3,1,0
BRDA:39,4,0,0
BRDA:39,4,1,0
BRDA:51,5,0,0
BRDA:51,5,1,0
BRF:12
BRH:2
end_of_record
TN:
SF:src/infrastructure/logging/sinks/consoleSink.ts
FN:11,(anonymous_0)
FNF:1
FNH:0
FNDA:0,(anonymous_0)
DA:3,1
DA:12,0
DA:13,0
DA:14,0
DA:19,0
DA:20,0
DA:23,0
DA:25,0
DA:26,0
DA:28,0
DA:29,0
DA:31,0
LF:12
LH:1
BRDA:12,0,0,0
BRDA:12,0,1,0
BRDA:19,1,0,0
BRDA:19,1,1,0
BRDA:19,2,0,0
BRDA:19,2,1,0
BRDA:23,3,0,0
BRDA:23,3,1,0
BRDA:23,3,2,0
BRF:9
BRH:0
end_of_record
TN:
SF:src/infrastructure/repositories/AgentRepository.ts
FN:39,(anonymous_0)
FN:41,(anonymous_1)
FN:48,(anonymous_2)
FN:53,(anonymous_3)
FN:68,(anonymous_4)
FN:75,(anonymous_5)
FN:88,(anonymous_6)
FN:105,(anonymous_7)
FN:112,(anonymous_8)
FN:118,(anonymous_9)
FN:125,(anonymous_10)
FN:139,(anonymous_11)
FN:151,(anonymous_12)
FNF:13
FNH:6
FNDA:7,(anonymous_0)
FNDA:2,(anonymous_1)
FNDA:0,(anonymous_2)
FNDA:2,(anonymous_3)
FNDA:0,(anonymous_4)
FNDA:1,(anonymous_5)
FNDA:1,(anonymous_6)
FNDA:0,(anonymous_7)
FNDA:0,(anonymous_8)
FNDA:0,(anonymous_9)
FNDA:1,(anonymous_10)
FNDA:0,(anonymous_11)
FNDA:0,(anonymous_12)
DA:35,1
DA:39,7
DA:42,2
DA:45,2
DA:49,0
DA:50,0
DA:54,2
DA:55,2
DA:56,1
DA:61,1
DA:62,1
DA:64,0
DA:69,0
DA:72,0
DA:76,1
DA:85,1
DA:91,1
DA:92,1
DA:93,1
DA:94,1
DA:95,1
DA:96,1
DA:97,1
DA:98,1
DA:102,1
DA:106,0
DA:109,0
DA:113,0
DA:119,0
DA:122,0
DA:129,1
DA:136,1
DA:144,0
DA:148,0
DA:152,0
LF:35
LH:22
BRDA:41,0,0,1
BRDA:43,1,0,1
BRDA:43,1,1,1
BRDA:61,2,0,1
BRDA:61,2,1,0
BRDA:61,3,0,1
BRDA:61,3,1,1
BRDA:79,4,0,1
BRDA:79,4,1,1
BRDA:80,5,0,1
BRDA:80,5,1,1
BRDA:81,6,0,1
BRDA:81,6,1,1
BRDA:82,7,0,1
BRDA:82,7,1,1
BRDA:83,8,0,1
BRDA:83,8,1,1
BRDA:92,9,0,1
BRDA:92,9,1,0
BRDA:93,10,0,0
BRDA:93,10,1,1
BRDA:94,11,0,0
BRDA:94,11,1,1
BRDA:95,12,0,0
BRDA:95,12,1,1
BRDA:96,13,0,0
BRDA:96,13,1,1
BRDA:97,14,0,0
BRDA:97,14,1,1
BRDA:133,15,0,1
BRDA:133,15,1,1
BRF:31
BRH:24
end_of_record
TN:
SF:src/infrastructure/repositories/AttachmentRepository.ts
FN:16,(anonymous_0)
FN:18,(anonymous_1)
FN:28,(anonymous_2)
FNF:3
FNH:3
FNDA:2,(anonymous_0)
FNDA:1,(anonymous_1)
FNDA:1,(anonymous_2)
DA:16,2
DA:19,1
DA:20,1
DA:21,1
DA:25,1
DA:29,1
DA:33,1
LF:7
LH:7
BRF:0
BRH:0
end_of_record
TN:
SF:src/infrastructure/repositories/ConversationRepository.ts
FN:31,(anonymous_0)
FN:33,(anonymous_1)
FN:44,(anonymous_2)
FN:61,(anonymous_3)
FN:76,(anonymous_4)
FN:93,(anonymous_5)
FN:111,(anonymous_6)
FN:115,(anonymous_7)
FN:122,(anonymous_8)
FN:130,(anonymous_9)
FNF:10
FNH:8
FNDA:9,(anonymous_0)
FNDA:1,(anonymous_1)
FNDA:2,(anonymous_2)
FNDA:1,(anonymous_3)
FNDA:1,(anonymous_4)
FNDA:0,(anonymous_5)
FNDA:0,(anonymous_6)
FNDA:1,(anonymous_7)
FNDA:1,(anonymous_8)
FNDA:2,(anonymous_9)
DA:31,9
DA:34,1
DA:41,1
DA:48,2
DA:49,2
DA:52,1
DA:54,1
DA:55,1
DA:57,0
DA:64,1
DA:65,1
DA:66,1
DA:67,1
DA:69,1
DA:73,1
DA:80,1
DA:81,1
DA:84,0
DA:86,1
DA:87,1
DA:89,0
DA:97,0
DA:98,0
DA:99,0
DA:100,0
DA:101,0
DA:103,0
DA:104,0
DA:108,0
DA:112,0
DA:116,1
DA:123,1
DA:127,1
DA:135,2
DA:136,2
DA:139,1
DA:141,1
DA:142,1
DA:150,0
LF:39
LH:26
BRDA:54,0,0,1
BRDA:54,0,1,0
BRDA:54,1,0,1
BRDA:54,1,1,1
BRDA:65,2,0,1
BRDA:65,2,1,0
BRDA:66,3,0,1
BRDA:66,3,1,0
BRDA:86,4,0,1
BRDA:86,4,1,0
BRDA:86,5,0,1
BRDA:86,5,1,1
BRDA:98,6,0,0
BRDA:98,6,1,0
BRDA:99,7,0,0
BRDA:99,7,1,0
BRDA:100,8,0,0
BRDA:100,8,1,0
BRDA:103,9,0,0
BRDA:103,9,1,0
BRDA:141,10,0,1
BRDA:141,10,1,0
BRDA:141,11,0,1
BRDA:141,11,1,1
BRF:24
BRH:11
end_of_record
TN:
SF:src/infrastructure/repositories/EmbeddingKeyRepository.ts
FN:11,mapStatus
FN:22,(anonymous_1)
FN:24,(anonymous_2)
FN:29,(anonymous_3)
FN:36,(anonymous_4)
FNF:5
FNH:5
FNDA:2,mapStatus
FNDA:3,(anonymous_1)
FNDA:1,(anonymous_2)
FNDA:1,(anonymous_3)
FNDA:1,(anonymous_4)
DA:9,1
DA:12,2
DA:22,3
DA:25,1
DA:26,1
DA:30,1
DA:33,1
DA:37,1
LF:8
LH:8
BRF:0
BRH:0
end_of_record
TN:
SF:src/infrastructure/repositories/EpisodeRepository.ts
FN:25,(anonymous_0)
FN:27,(anonymous_1)
FN:38,(anonymous_2)
FNF:3
FNH:3
FNDA:2,(anonymous_0)
FNDA:1,(anonymous_1)
FNDA:1,(anonymous_2)
DA:25,2
DA:31,1
DA:35,1
DA:39,1
DA:42,1
LF:5
LH:5
BRDA:29,0,0,0
BRF:1
BRH:0
end_of_record
TN:
SF:src/infrastructure/repositories/FlowRepository.ts
FN:21,(anonymous_0)
FN:23,(anonymous_1)
FN:28,(anonymous_2)
FN:33,(anonymous_3)
FN:44,(anonymous_4)
FN:48,(anonymous_5)
FN:56,(anonymous_6)
FN:63,(anonymous_7)
FN:75,(anonymous_8)
FNF:9
FNH:7
FNDA:7,(anonymous_0)
FNDA:1,(anonymous_1)
FNDA:1,(anonymous_2)
FNDA:0,(anonymous_3)
FNDA:0,(anonymous_4)
FNDA:1,(anonymous_5)
FNDA:2,(anonymous_6)
FNDA:1,(anonymous_7)
FNDA:1,(anonymous_8)
DA:21,7
DA:24,1
DA:25,1
DA:29,1
DA:30,1
DA:34,0
DA:41,0
DA:45,0
DA:49,1
DA:53,1
DA:57,2
DA:60,2
DA:68,1
DA:72,1
DA:79,1
DA:80,1
DA:81,1
DA:82,1
DA:84,1
DA:85,1
DA:89,1
LF:21
LH:18
BRDA:38,0,0,0
BRDA:38,0,1,0
BRDA:39,1,0,0
BRDA:39,1,1,0
BRDA:80,2,0,1
BRDA:80,2,1,0
BRDA:81,3,0,1
BRDA:81,3,1,0
BRDA:84,4,0,1
BRDA:84,4,1,0
BRF:10
BRH:3
end_of_record
TN:
SF:src/infrastructure/repositories/KnowledgeRepository.ts
FN:32,(anonymous_0)
FN:34,(anonymous_1)
FN:41,(anonymous_2)
FN:51,(anonymous_3)
FN:55,(anonymous_4)
FN:62,(anonymous_5)
FN:73,(anonymous_6)
FN:93,(anonymous_7)
FN:101,(anonymous_8)
FN:108,(anonymous_9)
FN:119,(anonymous_10)
FNF:11
FNH:6
FNDA:5,(anonymous_0)
FNDA:1,(anonymous_1)
FNDA:1,(anonymous_2)
FNDA:0,(anonymous_3)
FNDA:0,(anonymous_4)
FNDA:1,(anonymous_5)
FNDA:1,(anonymous_6)
FNDA:0,(anonymous_7)
FNDA:0,(anonymous_8)
FNDA:1,(anonymous_9)
FNDA:0,(anonymous_10)
DA:32,5
DA:35,1
DA:38,1
DA:44,1
DA:48,1
DA:52,0
DA:56,0
DA:59,0
DA:66,1
DA:70,1
DA:77,1
DA:78,1
DA:79,1
DA:80,1
DA:81,1
DA:86,1
DA:90,1
DA:94,0
DA:102,0
DA:105,0
DA:112,1
DA:116,1
DA:120,0
LF:23
LH:16
BRDA:80,0,0,0
BRDA:80,0,1,1
BRF:2
BRH:1
end_of_record
TN:
SF:src/infrastructure/repositories/LlmProviderRepository.ts
FN:38,mapLlmProvider
FN:48,mapEmbeddedUserProvider
FN:56,(anonymous_2)
FN:60,mapLlmProviderWithRegistrations
FN:71,(anonymous_4)
FN:73,(anonymous_5)
FN:82,(anonymous_6)
FNF:7
FNH:7
FNDA:2,mapLlmProvider
FNDA:1,mapEmbeddedUserProvider
FNDA:1,(anonymous_2)
FNDA:1,mapLlmProviderWithRegistrations
FNDA:2,(anonymous_4)
FNDA:1,(anonymous_5)
FNDA:1,(anonymous_6)
DA:39,2
DA:49,1
DA:56,1
DA:63,1
DA:71,2
DA:74,1
DA:75,1
DA:83,1
DA:86,1
LF:9
LH:9
BRDA:54,0,0,1
BRDA:54,0,1,0
BRF:2
BRH:1
end_of_record
TN:
SF:src/infrastructure/repositories/McpConnectorRepository.ts
FN:32,(anonymous_0)
FN:34,(anonymous_1)
FN:41,(anonymous_2)
FN:51,(anonymous_3)
FN:62,(anonymous_4)
FN:66,(anonymous_5)
FN:77,(anonymous_6)
FNF:7
FNH:5
FNDA:4,(anonymous_0)
FNDA:1,(anonymous_1)
FNDA:1,(anonymous_2)
FNDA:0,(anonymous_3)
FNDA:0,(anonymous_4)
FNDA:1,(anonymous_5)
FNDA:1,(anonymous_6)
DA:32,4
DA:35,1
DA:38,1
DA:44,1
DA:48,1
DA:55,0
DA:59,0
DA:63,0
DA:67,1
DA:70,1
DA:81,1
DA:82,1
DA:83,1
DA:84,0
DA:86,1
DA:90,1
LF:16
LH:12
BRDA:82,0,0,0
BRDA:82,0,1,1
BRDA:83,1,0,0
BRDA:83,1,1,1
BRDA:91,2,0,1
BRDA:91,2,1,0
BRF:6
BRH:3
end_of_record
TN:
SF:src/infrastructure/repositories/ModelRepository.ts
FN:14,(anonymous_0)
FN:16,(anonymous_1)
FN:21,(anonymous_2)
FN:29,(anonymous_3)
FN:31,(anonymous_4)
FN:38,toApiBody
FNF:6
FNH:6
FNDA:3,(anonymous_0)
FNDA:1,(anonymous_1)
FNDA:1,(anonymous_2)
FNDA:1,(anonymous_3)
FNDA:1,(anonymous_4)
FNDA:2,toApiBody
DA:14,3
DA:17,1
DA:18,1
DA:22,1
DA:26,1
DA:30,1
DA:31,1
DA:33,1
DA:39,2
DA:40,2
DA:41,2
DA:42,2
DA:43,2
DA:44,2
DA:45,2
LF:15
LH:15
BRDA:40,0,0,1
BRDA:40,0,1,1
BRDA:41,1,0,1
BRDA:41,1,1,1
BRDA:42,2,0,1
BRDA:42,2,1,1
BRDA:43,3,0,0
BRDA:43,3,1,2
BRDA:44,4,0,0
BRDA:44,4,1,2
BRF:10
BRH:8
end_of_record
TN:
SF:src/infrastructure/repositories/PragnaFlowRepository.ts
FN:20,(anonymous_0)
FN:22,(anonymous_1)
FNF:2
FNH:2
FNDA:2,(anonymous_0)
FNDA:2,(anonymous_1)
DA:20,2
DA:23,2
DA:26,2
LF:3
LH:3
BRDA:26,0,0,2
BRDA:26,0,1,1
BRF:2
BRH:2
end_of_record
TN:
SF:src/infrastructure/repositories/ProviderRepository.ts
FN:28,mapUserProvider
FN:40,(anonymous_1)
FN:42,(anonymous_2)
FN:47,(anonymous_3)
FN:58,(anonymous_4)
FN:70,(anonymous_5)
FN:78,(anonymous_6)
FNF:7
FNH:6
FNDA:3,mapUserProvider
FNDA:4,(anonymous_1)
FNDA:1,(anonymous_2)
FNDA:1,(anonymous_3)
FNDA:1,(anonymous_4)
FNDA:1,(anonymous_5)
FNDA:0,(anonymous_6)
DA:29,3
DA:40,4
DA:43,1
DA:44,1
DA:48,1
DA:52,1
DA:59,1
DA:62,1
DA:71,1
DA:75,1
DA:79,0
LF:11
LH:10
BRDA:34,0,0,3
BRDA:34,0,1,0
BRF:2
BRH:1
end_of_record
TN:
SF:src/infrastructure/repositories/ToolRepository.ts
FN:12,(anonymous_0)
FN:14,(anonymous_1)
FN:19,(anonymous_2)
FNF:3
FNH:3
FNDA:2,(anonymous_0)
FNDA:1,(anonymous_1)
FNDA:1,(anonymous_2)
DA:12,2
DA:15,1
DA:16,1
DA:20,1
DA:23,1
LF:5
LH:5
BRF:0
BRH:0
end_of_record
TN:
SF:src/infrastructure/repositories/mappers/mapAgent.ts
FN:39,mapAgent
FN:56,mapDefaultAgentTemplate
FNF:2
FNH:2
FNDA:7,mapAgent
FNDA:2,mapDefaultAgentTemplate
DA:40,7
DA:59,2
LF:2
LH:2
BRDA:46,0,0,7
BRDA:46,0,1,1
BRDA:49,1,0,7
BRDA:49,1,1,1
BRDA:64,2,0,2
BRDA:64,2,1,1
BRF:6
BRH:6
end_of_record
TN:
SF:src/infrastructure/repositories/mappers/mapAgentConnector.ts
FN:20,mapAgentConnector
FNF:1
FNH:1
FNDA:3,mapAgentConnector
DA:23,3
LF:1
LH:1
BRF:0
BRH:0
end_of_record
TN:
SF:src/infrastructure/repositories/mappers/mapAttachment.ts
FN:22,mapAttachment
FNF:1
FNH:1
FNDA:4,mapAttachment
DA:23,4
LF:1
LH:1
BRDA:31,0,0,4
BRDA:31,0,1,1
BRF:2
BRH:2
end_of_record
TN:
SF:src/infrastructure/repositories/mappers/mapConversation.ts
FN:49,mapConversation
FN:86,mapUsageRecord
FN:99,mapConversationUsage
FN:112,mapMessage
FNF:4
FNH:4
FNDA:6,mapConversation
FNDA:1,mapUsageRecord
FNDA:3,mapConversationUsage
FNDA:3,mapMessage
DA:50,6
DA:87,1
DA:102,3
DA:113,3
LF:4
LH:4
BRDA:56,0,0,6
BRDA:56,0,1,1
BRDA:57,1,0,6
BRDA:57,1,1,1
BRDA:58,2,0,6
BRDA:58,2,1,5
BRDA:123,3,0,3
BRDA:123,3,1,1
BRDA:124,4,0,3
BRDA:124,4,1,2
BRDA:125,5,0,3
BRDA:125,5,1,2
BRF:12
BRH:12
end_of_record
TN:
SF:src/infrastructure/repositories/mappers/mapEpisode.ts
FN:35,mapEpisode
FN:52,mapEpisodeListPage
FNF:2
FNH:2
FNDA:4,mapEpisode
FNDA:3,mapEpisodeListPage
DA:36,4
DA:53,3
LF:2
LH:2
BRDA:54,0,0,3
BRDA:54,0,1,1
BRF:2
BRH:2
end_of_record
TN:
SF:src/infrastructure/repositories/mappers/mapFlow.ts
FN:42,mapNode
FN:57,mapEdge
FN:67,mapFlow
FNF:3
FNH:3
FNDA:4,mapNode
FNDA:4,mapEdge
FNDA:11,mapFlow
DA:43,4
DA:58,4
DA:68,11
LF:3
LH:3
BRDA:48,0,0,4
BRDA:48,0,1,4
BRDA:52,1,0,4
BRDA:52,1,1,4
BRDA:53,2,0,4
BRDA:53,2,1,4
BRDA:62,3,0,4
BRDA:62,3,1,1
BRDA:76,4,0,11
BRDA:76,4,1,1
BRDA:78,5,0,11
BRDA:78,5,1,1
BRDA:79,6,0,11
BRDA:79,6,1,1
BRF:14
BRH:14
end_of_record
TN:
SF:src/infrastructure/repositories/mappers/mapKnowledge.ts
FN:44,mapKnowledgeLibrary
FN:61,mapKnowledgeSource
FN:91,mapAgentKnowledgeLibrary
FN:106,toApiCreateLibraryPayload
FN:117,toApiIngestSourcePayload
FNF:5
FNH:5
FNDA:3,mapKnowledgeLibrary
FNDA:3,mapKnowledgeSource
FNDA:2,mapAgentKnowledgeLibrary
FNDA:3,toApiCreateLibraryPayload
FNDA:3,toApiIngestSourcePayload
DA:47,3
DA:64,3
DA:94,2
DA:109,3
DA:120,3
LF:5
LH:5
BRDA:112,0,0,2
BRDA:112,0,1,1
BRDA:123,1,0,0
BRDA:123,1,1,3
BRDA:124,2,0,2
BRDA:124,2,1,1
BRDA:125,3,0,1
BRDA:125,3,1,2
BRF:8
BRH:7
end_of_record
TN:
SF:src/infrastructure/repositories/mappers/mapMcpConnector.ts
FN:58,mapToolCounts
FN:69,mapMcpConnector
FN:87,mapRegisteredMcpConnector
FN:97,toApiCreatePayload
FN:114,toApiUpdatePayload
FNF:5
FNH:5
FNDA:6,mapToolCounts
FNDA:6,mapMcpConnector
FNDA:3,mapRegisteredMcpConnector
FNDA:3,toApiCreatePayload
FNDA:3,toApiUpdatePayload
DA:61,6
DA:62,3
DA:70,6
DA:90,3
DA:100,3
DA:106,3
DA:107,3
DA:108,3
DA:117,3
DA:118,3
DA:119,3
DA:120,3
DA:121,3
DA:122,3
DA:123,3
DA:124,1
DA:126,3
LF:17
LH:17
BRDA:61,0,0,3
BRDA:61,0,1,3
BRDA:73,1,0,6
BRDA:73,1,1,6
BRDA:75,2,0,6
BRDA:75,2,1,1
BRDA:78,3,0,6
BRDA:78,3,1,5
BRDA:92,4,0,3
BRDA:92,4,1,1
BRDA:106,5,0,1
BRDA:106,5,1,2
BRDA:107,6,0,1
BRDA:107,6,1,2
BRDA:118,7,0,1
BRDA:118,7,1,2
BRDA:119,8,0,0
BRDA:119,8,1,3
BRDA:120,9,0,0
BRDA:120,9,1,3
BRDA:121,10,0,0
BRDA:121,10,1,3
BRDA:122,11,0,0
BRDA:122,11,1,3
BRDA:123,12,0,1
BRDA:123,12,1,2
BRF:26
BRH:22
end_of_record
TN:
SF:src/infrastructure/repositories/mappers/mapModel.ts
FN:27,mapModel
FNF:1
FNH:1
FNDA:9,mapModel
DA:28,9
LF:1
LH:1
BRDA:39,0,0,9
BRDA:39,0,1,1
BRDA:40,1,0,9
BRDA:40,1,1,8
BRDA:41,2,0,9
BRDA:41,2,1,8
BRF:6
BRH:6
end_of_record
TN:
SF:src/infrastructure/repositories/mappers/mapPragnaSlashFlow.ts
FN:21,mapPragnaSlashFlow
FNF:1
FNH:1
FNDA:3,mapPragnaSlashFlow
DA:22,3
LF:1
LH:1
BRDA:25,0,0,3
BRDA:25,0,1,1
BRF:2
BRH:2
end_of_record
TN:
SF:src/infrastructure/repositories/mappers/mapTool.ts
FN:23,mapTool
FNF:1
FNH:1
FNDA:4,mapTool
DA:24,4
LF:1
LH:1
BRF:0
BRH:0
end_of_record
TN:
SF:src/infrastructure/storage/secureStore.ts
FN:20,(anonymous_0)
FN:26,(anonymous_1)
FN:35,(anonymous_2)
FNF:3
FNH:3
FNDA:2,(anonymous_0)
FNDA:3,(anonymous_1)
FNDA:2,(anonymous_2)
DA:16,1
DA:18,1
DA:21,2
DA:22,1
DA:27,3
DA:28,2
DA:31,2
DA:36,2
DA:37,1
LF:9
LH:9
BRDA:21,0,0,1
BRDA:21,0,1,1
BRDA:27,1,0,1
BRDA:27,1,1,2
BRDA:31,2,0,2
BRDA:31,2,1,1
BRDA:36,3,0,1
BRDA:36,3,1,1
BRF:8
BRH:8
end_of_record
TN:
SF:src/infrastructure/storage/tokenStorage.ts
FN:9,read
FN:13,write
FN:17,erase
FN:22,(anonymous_3)
FN:23,(anonymous_4)
FN:24,(anonymous_5)
FN:26,(anonymous_6)
FN:27,(anonymous_7)
FN:28,(anonymous_8)
FN:30,(anonymous_9)
FNF:10
FNH:0
FNDA:0,read
FNDA:0,write
FNDA:0,erase
FNDA:0,(anonymous_3)
FNDA:0,(anonymous_4)
FNDA:0,(anonymous_5)
FNDA:0,(anonymous_6)
FNDA:0,(anonymous_7)
FNDA:0,(anonymous_8)
FNDA:0,(anonymous_9)
DA:4,0
DA:10,0
DA:14,0
DA:18,0
DA:21,0
DA:22,0
DA:23,0
DA:24,0
DA:26,0
DA:27,0
DA:28,0
DA:31,0
DA:32,0
LF:13
LH:0
BRDA:10,0,0,0
BRDA:10,0,1,0
BRDA:14,1,0,0
BRDA:14,1,1,0
BRF:4
BRH:0
end_of_record
TN:
SF:src/lib/httpError.ts
FN:12,detailOr
FN:19,statusOf
FNF:2
FNH:0
FNDA:0,detailOr
FNDA:0,statusOf
DA:13,0
DA:15,0
DA:20,0
LF:3
LH:0
BRDA:15,0,0,0
BRDA:15,0,1,0
BRDA:15,1,0,0
BRDA:15,1,1,0
BRDA:20,2,0,0
BRDA:20,2,1,0
BRF:6
BRH:0
end_of_record
TN:
SF:src/lib/utils.ts
FN:4,cn
FNF:1
FNH:1
FNDA:46,cn
DA:5,46
LF:1
LH:1
BRF:0
BRH:0
end_of_record
TN:
SF:src/presentation/components/auth/LoginForm.tsx
FN:22,LoginForm
FN:34,handleSubmit
FN:51,handleSocialLogin
FN:94,(anonymous_3)
FN:105,(anonymous_4)
FN:148,(anonymous_5)
FN:154,(anonymous_6)
FNF:7
FNH:0
FNDA:0,LoginForm
FNDA:0,handleSubmit
FNDA:0,handleSocialLogin
FNDA:0,(anonymous_3)
FNDA:0,(anonymous_4)
FNDA:0,(anonymous_5)
FNDA:0,(anonymous_6)
DA:23,0
DA:24,0
DA:26,0
DA:27,0
DA:28,0
DA:29,0
DA:30,0
DA:32,0
DA:35,0
DA:36,0
DA:37,0
DA:38,0
DA:39,0
DA:41,0
DA:42,0
DA:43,0
DA:45,0
DA:47,0
DA:52,0
DA:53,0
DA:54,0
DA:58,0
DA:60,0
DA:62,0
DA:66,0
DA:94,0
DA:105,0
DA:149,0
DA:154,0
LF:29
LH:0
BRDA:32,0,0,0
BRDA:32,0,1,0
BRDA:37,1,0,0
BRDA:37,1,1,0
BRDA:37,2,0,0
BRDA:37,2,1,0
BRDA:77,3,0,0
BRDA:77,3,1,0
BRDA:119,4,0,0
BRDA:119,4,1,0
BRDA:142,5,0,0
BRDA:142,5,1,0
BRDA:148,6,0,0
BRDA:148,6,1,0
BRF:14
BRH:0
end_of_record
TN:
SF:src/presentation/components/icons/ConnectorsIcon.ts
FNF:0
FNH:0
DA:14,0
LF:1
LH:0
BRF:0
BRH:0
end_of_record
TN:
SF:src/presentation/components/icons/EntityIcon.tsx
FN:69,EntityIcon
FN:90,AppearanceGlyph
FN:101,ProfileGlyph
FNF:3
FNH:0
FNDA:0,EntityIcon
FNDA:0,AppearanceGlyph
FNDA:0,ProfileGlyph
DA:42,0
DA:56,0
DA:70,0
DA:71,0
DA:72,0
DA:73,0
DA:92,0
DA:102,0
LF:8
LH:0
BRDA:69,0,0,0
BRDA:80,1,0,0
BRDA:80,1,1,0
BRDA:83,2,0,0
BRDA:83,2,1,0
BRDA:90,3,0,0
BRDA:101,4,0,0
BRF:7
BRH:0
end_of_record
TN:
SF:src/presentation/components/icons/FlowsIcon.tsx
FN:12,FlowsIcon
FNF:1
FNH:0
FNDA:0,FlowsIcon
DA:13,0
LF:1
LH:0
BRDA:12,0,0,0
BRF:1
BRH:0
end_of_record
TN:
SF:src/presentation/components/icons/ProvidersIcon.tsx
FN:13,ProvidersIcon
FNF:1
FNH:0
FNDA:0,ProvidersIcon
DA:14,0
LF:1
LH:0
BRDA:13,0,0,0
BRF:1
BRH:0
end_of_record
TN:
SF:src/presentation/components/knowledge/LibraryDocumentsManager.tsx
FN:40,formatMb
FN:49,validateKnowledgeFile
FN:62,LibraryDocumentsManager
FN:68,handleDelete
FN:103,(anonymous_4)
FN:126,(anonymous_5)
FN:151,AddDocumentForm
FN:167,reset
FN:178,handleFilePick
FN:196,handleSubmit
FN:231,(anonymous_10)
FN:237,(anonymous_11)
FN:258,(anonymous_12)
FN:264,(anonymous_13)
FN:271,(anonymous_14)
FN:279,(anonymous_15)
FN:287,(anonymous_16)
FN:288,(anonymous_17)
FN:305,(anonymous_18)
FN:328,messageFrom
FNF:20
FNH:0
FNDA:0,formatMb
FNDA:0,validateKnowledgeFile
FNDA:0,LibraryDocumentsManager
FNDA:0,handleDelete
FNDA:0,(anonymous_4)
FNDA:0,(anonymous_5)
FNDA:0,AddDocumentForm
FNDA:0,reset
FNDA:0,handleFilePick
FNDA:0,handleSubmit
FNDA:0,(anonymous_10)
FNDA:0,(anonymous_11)
FNDA:0,(anonymous_12)
FNDA:0,(anonymous_13)
FNDA:0,(anonymous_14)
FNDA:0,(anonymous_15)
FNDA:0,(anonymous_16)
FNDA:0,(anonymous_17)
FNDA:0,(anonymous_18)
FNDA:0,messageFrom
DA:29,0
DA:32,0
DA:37,0
DA:41,0
DA:50,0
DA:51,0
DA:52,0
DA:53,0
DA:55,0
DA:56,0
DA:58,0
DA:64,0
DA:65,0
DA:66,0
DA:69,0
DA:70,0
DA:71,0
DA:73,0
DA:74,0
DA:78,0
DA:104,0
DA:126,0
DA:152,0
DA:153,0
DA:154,0
DA:155,0
DA:156,0
DA:157,0
DA:158,0
DA:159,0
DA:160,0
DA:162,0
DA:163,0
DA:165,0
DA:168,0
DA:169,0
DA:170,0
DA:171,0
DA:172,0
DA:179,0
DA:180,0
DA:181,0
DA:183,0
DA:184,0
DA:185,0
DA:186,0
DA:187,0
DA:189,0
DA:190,0
DA:191,0
DA:192,0
DA:193,0
DA:197,0
DA:198,0
DA:199,0
DA:200,0
DA:201,0
DA:206,0
DA:207,0
DA:209,0
DA:211,0
DA:214,0
DA:215,0
DA:219,0
DA:232,0
DA:238,0
DA:239,0
DA:258,0
DA:264,0
DA:271,0
DA:279,0
DA:287,0
DA:289,0
DA:290,0
DA:305,0
DA:329,0
DA:331,0
DA:332,0
LF:78
LH:0
BRDA:51,0,0,0
BRDA:51,0,1,0
BRDA:52,1,0,0
BRDA:52,1,1,0
BRDA:53,2,0,0
BRDA:53,2,1,0
BRDA:55,3,0,0
BRDA:55,3,1,0
BRDA:63,4,0,0
BRDA:83,5,0,0
BRDA:83,5,1,0
BRDA:89,6,0,0
BRDA:89,6,1,0
BRDA:93,7,0,0
BRDA:93,7,1,0
BRDA:97,8,0,0
BRDA:97,8,1,0
BRDA:136,9,0,0
BRDA:136,9,1,0
BRDA:162,10,0,0
BRDA:162,10,1,0
BRDA:163,11,0,0
BRDA:163,11,1,0
BRDA:165,12,0,0
BRDA:165,12,1,0
BRDA:165,12,2,0
BRDA:179,13,0,0
BRDA:179,13,1,0
BRDA:184,14,0,0
BRDA:184,14,1,0
BRDA:192,15,0,0
BRDA:192,15,1,0
BRDA:193,16,0,0
BRDA:193,16,1,0
BRDA:198,17,0,0
BRDA:198,17,1,0
BRDA:198,18,0,0
BRDA:198,18,1,0
BRDA:204,19,0,0
BRDA:204,19,1,0
BRDA:206,20,0,0
BRDA:206,20,1,0
BRDA:206,21,0,0
BRDA:206,21,1,0
BRDA:214,22,0,0
BRDA:214,22,1,0
BRDA:243,23,0,0
BRDA:243,23,1,0
BRDA:249,24,0,0
BRDA:249,24,1,0
BRDA:276,25,0,0
BRDA:276,25,1,0
BRDA:290,26,0,0
BRDA:290,26,1,0
BRDA:295,27,0,0
BRDA:295,27,1,0
BRDA:305,28,0,0
BRDA:305,28,1,0
BRDA:310,29,0,0
BRDA:310,29,1,0
BRDA:316,30,0,0
BRDA:316,30,1,0
BRDA:317,31,0,0
BRDA:317,31,1,0
BRDA:331,32,0,0
BRDA:331,32,1,0
BRF:66
BRH:0
end_of_record
TN:
SF:src/presentation/components/settings/SettingsLayout/SettingsLayout.tsx
FN:10,SettingsLayout
FNF:1
FNH:0
FNDA:0,SettingsLayout
DA:11,0
LF:1
LH:0
BRF:0
BRH:0
end_of_record
TN:
SF:src/presentation/components/settings/SettingsSidebar/SettingsSidebar.tsx
FN:35,SettingsSidebar
FN:36,(anonymous_1)
FN:37,(anonymous_2)
FN:47,(anonymous_3)
FN:53,(anonymous_4)
FN:57,(anonymous_5)
FN:61,(anonymous_6)
FN:63,(anonymous_7)
FN:72,(anonymous_8)
FN:79,(anonymous_9)
FNF:10
FNH:0
FNDA:0,SettingsSidebar
FNDA:0,(anonymous_1)
FNDA:0,(anonymous_2)
FNDA:0,(anonymous_3)
FNDA:0,(anonymous_4)
FNDA:0,(anonymous_5)
FNDA:0,(anonymous_6)
FNDA:0,(anonymous_7)
FNDA:0,(anonymous_8)
FNDA:0,(anonymous_9)
DA:12,0
DA:36,0
DA:37,0
DA:41,0
DA:42,0
DA:46,0
DA:47,0
DA:48,0
DA:49,0
DA:50,0
DA:53,0
DA:54,0
DA:55,0
DA:57,0
DA:58,0
DA:59,0
DA:61,0
DA:62,0
DA:63,0
DA:66,0
DA:73,0
DA:76,0
DA:77,0
DA:80,0
LF:24
LH:0
BRDA:48,0,0,0
BRDA:48,0,1,0
BRDA:80,1,0,0
BRDA:80,1,1,0
BRDA:80,2,0,0
BRDA:80,2,1,0
BRDA:83,3,0,0
BRDA:83,3,1,0
BRDA:85,4,0,0
BRDA:85,4,1,0
BRDA:94,5,0,0
BRDA:94,5,1,0
BRDA:110,6,0,0
BRDA:110,6,1,0
BRDA:116,7,0,0
BRDA:116,7,1,0
BRDA:132,8,0,0
BRDA:132,8,1,0
BRF:18
BRH:0
end_of_record
TN:
SF:src/presentation/hooks/useBeforeUnload.ts
FN:13,useBeforeUnload
FN:14,(anonymous_1)
FN:16,(anonymous_2)
FN:24,(anonymous_3)
FNF:4
FNH:0
FNDA:0,useBeforeUnload
FNDA:0,(anonymous_1)
FNDA:0,(anonymous_2)
FNDA:0,(anonymous_3)
DA:14,0
DA:15,0
DA:16,0
DA:17,0
DA:21,0
DA:23,0
DA:24,0
LF:7
LH:0
BRDA:15,0,0,0
BRDA:15,0,1,0
BRF:2
BRH:0
end_of_record
TN:
SF:src/presentation/hooks/useDirtyDialog.ts
FN:47,useDirtyDialog
FN:51,(anonymous_1)
FN:58,(anonymous_2)
FNF:3
FNH:0
FNDA:0,useDirtyDialog
FNDA:0,(anonymous_1)
FNDA:0,(anonymous_2)
DA:48,0
DA:50,0
DA:52,0
DA:57,0
DA:59,0
DA:64,0
LF:6
LH:0
BRDA:52,0,0,0
BRDA:52,0,1,0
BRDA:59,1,0,0
BRDA:59,1,1,0
BRF:4
BRH:0
end_of_record
TN:
SF:src/presentation/hooks/agents/useAgentConnectors.ts
FN:19,(anonymous_0)
FN:24,useAgentConnectors
FN:28,(anonymous_2)
FN:35,useAttachAgentConnector
FN:39,(anonymous_4)
FN:40,(anonymous_5)
FN:46,useUpdateAgentConnector
FN:54,(anonymous_7)
FN:56,(anonymous_8)
FN:62,useDetachAgentConnector
FN:66,(anonymous_10)
FN:67,(anonymous_11)
FNF:12
FNH:0
FNDA:0,(anonymous_0)
FNDA:0,useAgentConnectors
FNDA:0,(anonymous_2)
FNDA:0,useAttachAgentConnector
FNDA:0,(anonymous_4)
FNDA:0,(anonymous_5)
FNDA:0,useUpdateAgentConnector
FNDA:0,(anonymous_7)
FNDA:0,(anonymous_8)
FNDA:0,useDetachAgentConnector
FNDA:0,(anonymous_10)
FNDA:0,(anonymous_11)
DA:19,0
DA:20,0
DA:25,0
DA:26,0
DA:28,0
DA:36,0
DA:37,0
DA:38,0
DA:39,0
DA:41,0
DA:47,0
DA:48,0
DA:49,0
DA:55,0
DA:57,0
DA:63,0
DA:64,0
DA:65,0
DA:66,0
DA:68,0
LF:20
LH:0
BRDA:27,0,0,0
BRDA:27,0,1,0
BRF:2
BRH:0
end_of_record
TN:
SF:src/presentation/hooks/agents/useAgentKnowledge.ts
FN:19,(anonymous_0)
FN:24,useAgentKnowledge
FN:28,(anonymous_2)
FN:35,useAttachAgentKnowledge
FN:39,(anonymous_4)
FN:41,(anonymous_5)
FN:47,useDetachAgentKnowledge
FN:51,(anonymous_7)
FN:53,(anonymous_8)
FNF:9
FNH:0
FNDA:0,(anonymous_0)
FNDA:0,useAgentKnowledge
FNDA:0,(anonymous_2)
FNDA:0,useAttachAgentKnowledge
FNDA:0,(anonymous_4)
FNDA:0,(anonymous_5)
FNDA:0,useDetachAgentKnowledge
FNDA:0,(anonymous_7)
FNDA:0,(anonymous_8)
DA:19,0
DA:20,0
DA:25,0
DA:26,0
DA:28,0
DA:36,0
DA:37,0
DA:38,0
DA:40,0
DA:42,0
DA:48,0
DA:49,0
DA:50,0
DA:52,0
DA:54,0
LF:15
LH:0
BRDA:27,0,0,0
BRDA:27,0,1,0
BRF:2
BRH:0
end_of_record
TN:
SF:src/presentation/hooks/agents/useAgents.ts
FN:22,useAgents
FN:26,(anonymous_1)
FN:33,useDefaultAgent
FN:37,(anonymous_3)
FN:43,useDefaultAgentTemplate
FN:47,(anonymous_5)
FN:54,useInvalidateAgents
FN:56,(anonymous_7)
FN:60,useCreateAgent
FN:64,(anonymous_9)
FN:70,useUpdateAgent
FN:74,(anonymous_11)
FN:80,useSetDefaultAgent
FN:84,(anonymous_13)
FN:90,useArchiveAgent
FN:94,(anonymous_15)
FNF:16
FNH:0
FNDA:0,useAgents
FNDA:0,(anonymous_1)
FNDA:0,useDefaultAgent
FNDA:0,(anonymous_3)
FNDA:0,useDefaultAgentTemplate
FNDA:0,(anonymous_5)
FNDA:0,useInvalidateAgents
FNDA:0,(anonymous_7)
FNDA:0,useCreateAgent
FNDA:0,(anonymous_9)
FNDA:0,useUpdateAgent
FNDA:0,(anonymous_11)
FNDA:0,useSetDefaultAgent
FNDA:0,(anonymous_13)
FNDA:0,useArchiveAgent
FNDA:0,(anonymous_15)
DA:15,0
DA:17,0
DA:19,0
DA:23,0
DA:24,0
DA:26,0
DA:34,0
DA:35,0
DA:37,0
DA:44,0
DA:45,0
DA:47,0
DA:55,0
DA:56,0
DA:61,0
DA:62,0
DA:63,0
DA:64,0
DA:71,0
DA:72,0
DA:73,0
DA:74,0
DA:81,0
DA:82,0
DA:83,0
DA:84,0
DA:91,0
DA:92,0
DA:93,0
DA:94,0
LF:30
LH:0
BRDA:22,0,0,0
BRDA:43,1,0,0
BRF:2
BRH:0
end_of_record
TN:
SF:src/presentation/hooks/attachments/useUploadAttachment.ts
FN:11,useUploadAttachment
FN:14,(anonymous_1)
FNF:2
FNH:0
FNDA:0,useUploadAttachment
FNDA:0,(anonymous_1)
DA:12,0
DA:13,0
DA:15,0
LF:3
LH:0
BRF:0
BRH:0
end_of_record
TN:
SF:src/presentation/hooks/auth/useAuth.ts
FN:6,useAuth
FN:7,(anonymous_1)
FN:8,(anonymous_2)
FN:9,(anonymous_3)
FN:10,(anonymous_4)
FN:11,(anonymous_5)
FN:12,(anonymous_6)
FN:16,login
FN:22,loginWithSocial
FN:28,logout
FNF:10
FNH:0
FNDA:0,useAuth
FNDA:0,(anonymous_1)
FNDA:0,(anonymous_2)
FNDA:0,(anonymous_3)
FNDA:0,(anonymous_4)
FNDA:0,(anonymous_5)
FNDA:0,(anonymous_6)
FNDA:0,login
FNDA:0,loginWithSocial
FNDA:0,logout
DA:7,0
DA:8,0
DA:9,0
DA:10,0
DA:11,0
DA:12,0
DA:14,0
DA:17,0
DA:18,0
DA:19,0
DA:23,0
DA:24,0
DA:25,0
DA:29,0
DA:30,0
DA:31,0
DA:34,0
LF:17
LH:0
BRF:0
BRH:0
end_of_record
TN:
SF:src/presentation/hooks/auth/useAuth0Connections.ts
FN:4,useAuth0Connections
FN:8,(anonymous_1)
FNF:2
FNH:0
FNDA:0,useAuth0Connections
FNDA:0,(anonymous_1)
DA:5,0
DA:6,0
DA:8,0
LF:3
LH:0
BRF:0
BRH:0
end_of_record
TN:
SF:src/presentation/hooks/auth/useBootstrap.ts
FN:5,useBootstrap
FN:6,(anonymous_1)
FN:7,(anonymous_2)
FN:8,(anonymous_3)
FN:9,(anonymous_4)
FN:12,(anonymous_5)
FN:17,(anonymous_6)
FN:23,(anonymous_7)
FNF:8
FNH:0
FNDA:0,useBootstrap
FNDA:0,(anonymous_1)
FNDA:0,(anonymous_2)
FNDA:0,(anonymous_3)
FNDA:0,(anonymous_4)
FNDA:0,(anonymous_5)
FNDA:0,(anonymous_6)
FNDA:0,(anonymous_7)
DA:6,0
DA:7,0
DA:8,0
DA:9,0
DA:10,0
DA:12,0
DA:13,0
DA:15,0
DA:18,0
DA:19,0
DA:20,0
DA:24,0
LF:12
LH:0
BRDA:13,0,0,0
BRDA:13,0,1,0
BRDA:18,1,0,0
BRDA:18,1,1,0
BRF:4
BRH:0
end_of_record
TN:
SF:src/presentation/hooks/conversations/useConversation.ts
FN:13,useConversation
FN:19,(anonymous_1)
FNF:2
FNH:0
FNDA:0,useConversation
FNDA:0,(anonymous_1)
DA:16,0
DA:17,0
DA:20,0
DA:21,0
LF:4
LH:0
BRDA:18,0,0,0
BRDA:18,0,1,0
BRDA:20,1,0,0
BRDA:20,1,1,0
BRF:4
BRH:0
end_of_record
TN:
SF:src/presentation/hooks/conversations/useConversationMessages.ts
FN:5,(anonymous_0)
FN:25,useConversationMessages
FN:33,(anonymous_2)
FNF:3
FNH:0
FNDA:0,(anonymous_0)
FNDA:0,useConversationMessages
FNDA:0,(anonymous_2)
DA:5,0
DA:6,0
DA:29,0
DA:30,0
DA:31,0
DA:33,0
LF:6
LH:0
BRDA:6,0,0,0
BRDA:6,0,1,0
BRDA:27,1,0,0
BRDA:30,2,0,0
BRDA:30,2,1,0
BRDA:30,2,2,0
BRF:6
BRH:0
end_of_record
TN:
SF:src/presentation/hooks/conversations/useConversationMutations.ts
FN:15,useRenameConversation
FN:19,(anonymous_1)
FN:21,(anonymous_2)
FN:27,useSetConversationModel
FN:31,(anonymous_4)
FN:33,(anonymous_5)
FN:39,useSetPinned
FN:43,(anonymous_7)
FN:45,(anonymous_8)
FN:51,useSetThinkingEnabled
FN:55,(anonymous_10)
FN:57,(anonymous_11)
FN:71,useDeleteConversation
FN:75,(anonymous_13)
FN:76,(anonymous_14)
FN:79,(anonymous_15)
FN:81,(anonymous_16)
FN:93,useTruncateFromMessage
FN:97,(anonymous_18)
FN:99,(anonymous_19)
FN:112,useBranchConversation
FN:116,(anonymous_21)
FN:118,(anonymous_22)
FNF:23
FNH:15
FNDA:5,useRenameConversation
FNDA:1,(anonymous_1)
FNDA:1,(anonymous_2)
FNDA:0,useSetConversationModel
FNDA:0,(anonymous_4)
FNDA:0,(anonymous_5)
FNDA:4,useSetPinned
FNDA:0,(anonymous_7)
FNDA:0,(anonymous_8)
FNDA:0,useSetThinkingEnabled
FNDA:0,(anonymous_10)
FNDA:0,(anonymous_11)
FNDA:5,useDeleteConversation
FNDA:1,(anonymous_13)
FNDA:1,(anonymous_14)
FNDA:1,(anonymous_15)
FNDA:2,(anonymous_16)
FNDA:1,useTruncateFromMessage
FNDA:1,(anonymous_18)
FNDA:1,(anonymous_19)
FNDA:1,useBranchConversation
FNDA:1,(anonymous_21)
FNDA:1,(anonymous_22)
DA:16,5
DA:17,5
DA:18,5
DA:20,1
DA:22,1
DA:28,0
DA:29,0
DA:30,0
DA:32,0
DA:34,0
DA:40,4
DA:41,4
DA:42,4
DA:44,0
DA:46,0
DA:52,0
DA:53,0
DA:54,0
DA:56,0
DA:58,0
DA:72,5
DA:73,5
DA:74,5
DA:75,1
DA:77,1
DA:80,1
DA:82,2
DA:94,1
DA:95,1
DA:96,1
DA:98,1
DA:100,1
DA:113,1
DA:114,1
DA:115,1
DA:117,1
DA:118,1
LF:37
LH:25
BRDA:82,0,0,2
BRDA:82,0,1,2
BRF:2
BRH:2
end_of_record
TN:
SF:src/presentation/hooks/conversations/useConversations.ts
FN:7,(anonymous_0)
FN:10,(anonymous_1)
FN:25,invalidateConversationListQueries
FN:31,(anonymous_3)
FN:45,useConversations
FN:49,(anonymous_5)
FN:68,useConversationUsage
FN:72,(anonymous_7)
FN:79,usePinnedConversations
FN:83,(anonymous_9)
FNF:10
FNH:10
FNDA:2,(anonymous_0)
FNDA:7,(anonymous_1)
FNDA:3,invalidateConversationListQueries
FNDA:5,(anonymous_3)
FNDA:2,useConversations
FNDA:1,(anonymous_5)
FNDA:7,useConversationUsage
FNDA:4,(anonymous_7)
FNDA:2,usePinnedConversations
FNDA:1,(anonymous_9)
DA:7,3
DA:8,3
DA:10,7
DA:29,3
DA:30,3
DA:32,5
DA:33,5
DA:34,5
DA:35,4
DA:36,3
DA:37,1
DA:39,2
DA:46,2
DA:47,2
DA:50,1
DA:69,7
DA:70,7
DA:72,4
DA:80,2
DA:81,2
DA:84,1
LF:21
LH:21
BRDA:27,0,0,1
BRDA:33,1,0,0
BRDA:33,1,1,5
BRDA:33,2,0,5
BRDA:33,2,1,5
BRDA:34,3,0,1
BRDA:34,3,1,4
BRDA:34,4,0,5
BRDA:34,4,1,2
BRDA:35,5,0,1
BRDA:35,5,1,3
BRDA:35,6,0,4
BRDA:35,6,1,1
BRDA:36,7,0,1
BRDA:36,7,1,2
BRDA:36,8,0,3
BRDA:36,8,1,3
BRDA:36,8,2,3
BRDA:36,8,3,2
BRDA:45,9,0,0
BRF:20
BRH:18
end_of_record
TN:
SF:src/presentation/hooks/embeddings/useEmbeddingKey.ts
FN:16,useEmbeddingKeyStatus
FN:20,(anonymous_1)
FN:26,useSetEmbeddingKey
FN:30,(anonymous_3)
FN:31,(anonymous_4)
FN:36,useClearEmbeddingKey
FN:40,(anonymous_6)
FN:41,(anonymous_7)
FNF:8
FNH:0
FNDA:0,useEmbeddingKeyStatus
FNDA:0,(anonymous_1)
FNDA:0,useSetEmbeddingKey
FNDA:0,(anonymous_3)
FNDA:0,(anonymous_4)
FNDA:0,useClearEmbeddingKey
FNDA:0,(anonymous_6)
FNDA:0,(anonymous_7)
DA:13,0
DA:17,0
DA:18,0
DA:20,0
DA:27,0
DA:28,0
DA:29,0
DA:30,0
DA:31,0
DA:37,0
DA:38,0
DA:39,0
DA:40,0
DA:42,0
LF:14
LH:0
BRF:0
BRH:0
end_of_record
TN:
SF:src/presentation/hooks/flows/useFlows.ts
FN:9,(anonymous_0)
FN:14,useFlows
FN:18,(anonymous_2)
FN:24,useFlow
FN:28,(anonymous_4)
FN:35,useCreateFlow
FN:39,(anonymous_6)
FN:40,(anonymous_7)
FN:45,useDeleteFlow
FN:49,(anonymous_9)
FN:50,(anonymous_10)
FN:55,useValidateFlowYaml
FN:58,(anonymous_12)
FN:63,useSaveFlowFromYamlById
FN:67,(anonymous_14)
FN:69,(anonymous_15)
FN:78,useSaveFlowFromYaml
FN:82,(anonymous_17)
FN:83,(anonymous_18)
FN:92,useUpdateFlowSlashExposure
FN:96,(anonymous_20)
FN:103,(anonymous_21)
FNF:22
FNH:8
FNDA:3,(anonymous_0)
FNDA:2,useFlows
FNDA:1,(anonymous_2)
FNDA:3,useFlow
FNDA:1,(anonymous_4)
FNDA:1,useCreateFlow
FNDA:1,(anonymous_6)
FNDA:1,(anonymous_7)
FNDA:0,useDeleteFlow
FNDA:0,(anonymous_9)
FNDA:0,(anonymous_10)
FNDA:0,useValidateFlowYaml
FNDA:0,(anonymous_12)
FNDA:0,useSaveFlowFromYamlById
FNDA:0,(anonymous_14)
FNDA:0,(anonymous_15)
FNDA:0,useSaveFlowFromYaml
FNDA:0,(anonymous_17)
FNDA:0,(anonymous_18)
FNDA:0,useUpdateFlowSlashExposure
FNDA:0,(anonymous_20)
FNDA:0,(anonymous_21)
DA:8,1
DA:9,3
DA:11,1
DA:15,2
DA:16,2
DA:18,1
DA:25,3
DA:26,3
DA:28,1
DA:36,1
DA:37,1
DA:38,1
DA:39,1
DA:40,1
DA:46,0
DA:47,0
DA:48,0
DA:49,0
DA:50,0
DA:56,0
DA:57,0
DA:58,0
DA:64,0
DA:65,0
DA:66,0
DA:68,0
DA:70,0
DA:71,0
DA:72,0
DA:79,0
DA:80,0
DA:81,0
DA:82,0
DA:84,0
DA:85,0
DA:86,0
DA:93,0
DA:94,0
DA:95,0
DA:102,0
DA:104,0
DA:105,0
DA:107,0
LF:43
LH:14
BRDA:27,0,0,3
BRDA:27,0,1,1
BRF:2
BRH:2
end_of_record
TN:
SF:src/presentation/hooks/flows/usePragnaSlashFlows.ts
FN:17,usePragnaSlashFlows
FN:21,(anonymous_1)
FNF:2
FNH:2
FNDA:2,usePragnaSlashFlows
FNDA:1,(anonymous_1)
DA:10,1
DA:18,2
DA:19,2
DA:21,1
LF:4
LH:4
BRF:0
BRH:0
end_of_record
TN:
SF:src/presentation/hooks/knowledge/useKnowledgeLibraries.ts
FN:22,(anonymous_0)
FN:26,useKnowledgeLibraries
FN:30,(anonymous_2)
FN:36,useCreateLibrary
FN:40,(anonymous_4)
FN:41,(anonymous_5)
FN:47,useArchiveLibrary
FN:51,(anonymous_7)
FN:52,(anonymous_8)
FN:58,useLibrarySources
FN:62,(anonymous_10)
FN:69,useIngestSource
FN:73,(anonymous_12)
FN:74,(anonymous_13)
FN:81,useUploadSource
FN:85,(anonymous_15)
FN:86,(anonymous_16)
FN:92,useDeleteSource
FN:96,(anonymous_18)
FN:98,(anonymous_19)
FNF:20
FNH:0
FNDA:0,(anonymous_0)
FNDA:0,useKnowledgeLibraries
FNDA:0,(anonymous_2)
FNDA:0,useCreateLibrary
FNDA:0,(anonymous_4)
FNDA:0,(anonymous_5)
FNDA:0,useArchiveLibrary
FNDA:0,(anonymous_7)
FNDA:0,(anonymous_8)
FNDA:0,useLibrarySources
FNDA:0,(anonymous_10)
FNDA:0,useIngestSource
FNDA:0,(anonymous_12)
FNDA:0,(anonymous_13)
FNDA:0,useUploadSource
FNDA:0,(anonymous_15)
FNDA:0,(anonymous_16)
FNDA:0,useDeleteSource
FNDA:0,(anonymous_18)
FNDA:0,(anonymous_19)
DA:19,0
DA:22,0
DA:23,0
DA:27,0
DA:28,0
DA:30,0
DA:37,0
DA:38,0
DA:39,0
DA:40,0
DA:42,0
DA:48,0
DA:49,0
DA:50,0
DA:51,0
DA:53,0
DA:59,0
DA:60,0
DA:62,0
DA:70,0
DA:71,0
DA:72,0
DA:73,0
DA:75,0
DA:82,0
DA:83,0
DA:84,0
DA:85,0
DA:87,0
DA:93,0
DA:94,0
DA:95,0
DA:97,0
DA:99,0
LF:34
LH:0
BRDA:61,0,0,0
BRDA:61,0,1,0
BRF:2
BRH:0
end_of_record
TN:
SF:src/presentation/hooks/mcp-connectors/useMcpConnectors.ts
FN:29,useMcpConnectors
FN:33,(anonymous_1)
FN:39,useRegisterMcpConnector
FN:43,(anonymous_3)
FN:44,(anonymous_4)
FN:53,useUpdateMcpConnector
FN:61,(anonymous_6)
FN:62,(anonymous_7)
FN:73,useArchiveMcpConnector
FN:77,(anonymous_9)
FN:78,(anonymous_10)
FN:86,useRefreshMcpConnectorTools
FN:90,(anonymous_12)
FN:91,(anonymous_13)
FN:102,useStartConnectorOAuth
FN:109,(anonymous_15)
FNF:16
FNH:5
FNDA:2,useMcpConnectors
FNDA:1,(anonymous_1)
FNDA:1,useRegisterMcpConnector
FNDA:1,(anonymous_3)
FNDA:1,(anonymous_4)
FNDA:0,useUpdateMcpConnector
FNDA:0,(anonymous_6)
FNDA:0,(anonymous_7)
FNDA:0,useArchiveMcpConnector
FNDA:0,(anonymous_9)
FNDA:0,(anonymous_10)
FNDA:0,useRefreshMcpConnectorTools
FNDA:0,(anonymous_12)
FNDA:0,(anonymous_13)
FNDA:0,useStartConnectorOAuth
FNDA:0,(anonymous_15)
DA:23,2
DA:26,2
DA:30,2
DA:31,2
DA:33,1
DA:40,1
DA:41,1
DA:42,1
DA:43,1
DA:45,1
DA:46,1
DA:54,0
DA:55,0
DA:56,0
DA:61,0
DA:63,0
DA:67,0
DA:74,0
DA:75,0
DA:76,0
DA:77,0
DA:79,0
DA:80,0
DA:87,0
DA:88,0
DA:89,0
DA:90,0
DA:92,0
DA:93,0
DA:103,0
DA:104,0
DA:109,0
LF:32
LH:11
BRF:0
BRH:0
end_of_record
TN:
SF:src/presentation/hooks/models/useModels.ts
FN:9,useModels
FN:13,(anonymous_1)
FN:22,useUpdateModel
FN:26,(anonymous_3)
FN:28,(anonymous_4)
FN:40,useBulkUpdateModels
FN:44,(anonymous_6)
FN:45,(anonymous_7)
FNF:8
FNH:2
FNDA:6,useModels
FNDA:4,(anonymous_1)
FNDA:0,useUpdateModel
FNDA:0,(anonymous_3)
FNDA:0,(anonymous_4)
FNDA:0,useBulkUpdateModels
FNDA:0,(anonymous_6)
FNDA:0,(anonymous_7)
DA:5,2
DA:6,2
DA:10,6
DA:11,6
DA:13,4
DA:23,0
DA:24,0
DA:25,0
DA:27,0
DA:29,0
DA:30,0
DA:41,0
DA:42,0
DA:43,0
DA:44,0
DA:46,0
DA:47,0
LF:17
LH:5
BRF:0
BRH:0
end_of_record
TN:
SF:src/presentation/hooks/preferences/useChatPreferences.ts
FN:41,readPrefs
FN:58,writePrefs
FN:65,subscribe
FN:66,(anonymous_3)
FN:67,(anonymous_4)
FN:73,(anonymous_5)
FN:86,getSnapshot
FN:97,getServerSnapshot
FN:110,useChatPreferences
FN:114,(anonymous_9)
FNF:10
FNH:0
FNDA:0,readPrefs
FNDA:0,writePrefs
FNDA:0,subscribe
FNDA:0,(anonymous_3)
FNDA:0,(anonymous_4)
FNDA:0,(anonymous_5)
FNDA:0,getSnapshot
FNDA:0,getServerSnapshot
FNDA:0,useChatPreferences
FNDA:0,(anonymous_9)
DA:25,0
DA:26,0
DA:35,0
DA:42,0
DA:43,0
DA:44,0
DA:45,0
DA:46,0
DA:47,0
DA:53,0
DA:59,0
DA:60,0
DA:61,0
DA:66,0
DA:67,0
DA:68,0
DA:69,0
DA:71,0
DA:72,0
DA:73,0
DA:74,0
DA:75,0
DA:82,0
DA:83,0
DA:87,0
DA:88,0
DA:89,0
DA:90,0
DA:91,0
DA:93,0
DA:98,0
DA:111,0
DA:112,0
DA:115,0
LF:34
LH:0
BRDA:42,0,0,0
BRDA:42,0,1,0
BRDA:45,1,0,0
BRDA:45,1,1,0
BRDA:48,2,0,0
BRDA:48,2,1,0
BRDA:50,3,0,0
BRDA:50,3,1,0
BRDA:59,4,0,0
BRDA:59,4,1,0
BRDA:66,5,0,0
BRDA:66,5,1,0
BRDA:68,6,0,0
BRDA:68,6,1,0
BRDA:68,7,0,0
BRDA:68,7,1,0
BRDA:89,8,0,0
BRDA:89,8,1,0
BRF:18
BRH:0
end_of_record
TN:
SF:src/presentation/hooks/providers/useProviders.ts
FN:11,useLlmProviders
FN:15,(anonymous_1)
FN:25,useLlmProvidersWithRegistrations
FN:29,(anonymous_3)
FN:35,useProviders
FN:39,(anonymous_5)
FN:48,useRegisterProvider
FN:52,(anonymous_7)
FN:53,(anonymous_8)
FN:66,useRefreshModels
FN:70,(anonymous_10)
FN:71,(anonymous_11)
FN:83,useToggleProvider
FN:87,(anonymous_13)
FN:89,(anonymous_14)
FN:94,useDeleteProvider
FN:98,(anonymous_16)
FN:99,(anonymous_17)
FNF:18
FNH:0
FNDA:0,useLlmProviders
FNDA:0,(anonymous_1)
FNDA:0,useLlmProvidersWithRegistrations
FNDA:0,(anonymous_3)
FNDA:0,useProviders
FNDA:0,(anonymous_5)
FNDA:0,useRegisterProvider
FNDA:0,(anonymous_7)
FNDA:0,(anonymous_8)
FNDA:0,useRefreshModels
FNDA:0,(anonymous_10)
FNDA:0,(anonymous_11)
FNDA:0,useToggleProvider
FNDA:0,(anonymous_13)
FNDA:0,(anonymous_14)
FNDA:0,useDeleteProvider
FNDA:0,(anonymous_16)
FNDA:0,(anonymous_17)
DA:5,0
DA:6,0
DA:7,0
DA:8,0
DA:12,0
DA:13,0
DA:15,0
DA:26,0
DA:27,0
DA:29,0
DA:36,0
DA:37,0
DA:39,0
DA:49,0
DA:50,0
DA:51,0
DA:52,0
DA:54,0
DA:55,0
DA:67,0
DA:68,0
DA:69,0
DA:70,0
DA:72,0
DA:73,0
DA:84,0
DA:85,0
DA:86,0
DA:88,0
DA:89,0
DA:95,0
DA:96,0
DA:97,0
DA:98,0
DA:100,0
DA:101,0
LF:36
LH:0
BRF:0
BRH:0
end_of_record
TN:
SF:src/presentation/hooks/tools/useTools.ts
FN:14,useTools
FN:18,(anonymous_1)
FN:26,useToggleTool
FN:30,(anonymous_3)
FN:31,(anonymous_4)
FNF:5
FNH:5
FNDA:2,useTools
FNDA:1,(anonymous_1)
FNDA:1,useToggleTool
FNDA:1,(anonymous_3)
FNDA:1,(anonymous_4)
DA:15,2
DA:16,2
DA:18,1
DA:27,1
DA:28,1
DA:29,1
DA:30,1
DA:32,1
DA:33,1
LF:9
LH:9
BRF:0
BRH:0
end_of_record
TN:
SF:src/presentation/providers/ServiceContext.ts
FN:55,useServices
FNF:1
FNH:1
FNDA:47,useServices
DA:53,9
DA:56,47
DA:57,47
DA:58,47
LF:4
LH:4
BRDA:57,0,0,0
BRDA:57,0,1,47
BRF:2
BRH:1
end_of_record
TN:
SF:src/presentation/providers/ServiceProvider.tsx
FN:48,ServiceProvider
FN:49,(anonymous_1)
FN:51,(anonymous_2)
FNF:3
FNH:0
FNDA:0,ServiceProvider
FNDA:0,(anonymous_1)
FNDA:0,(anonymous_2)
DA:37,0
DA:49,0
DA:51,0
DA:52,0
DA:54,0
DA:55,0
DA:57,0
DA:78,0
LF:8
LH:0
BRF:0
BRH:0
end_of_record
TN:
SF:src/presentation/router/AppRoutes.tsx
FN:9,(anonymous_0)
FN:10,(anonymous_1)
FN:13,(anonymous_2)
FN:14,(anonymous_3)
FN:15,(anonymous_4)
FN:16,(anonymous_5)
FN:17,(anonymous_6)
FN:18,(anonymous_7)
FN:19,(anonymous_8)
FN:20,(anonymous_9)
FN:23,(anonymous_10)
FN:24,(anonymous_11)
FN:25,(anonymous_12)
FN:27,AppRoutes
FNF:14
FNH:0
FNDA:0,(anonymous_0)
FNDA:0,(anonymous_1)
FNDA:0,(anonymous_2)
FNDA:0,(anonymous_3)
FNDA:0,(anonymous_4)
FNDA:0,(anonymous_5)
FNDA:0,(anonymous_6)
FNDA:0,(anonymous_7)
FNDA:0,(anonymous_8)
FNDA:0,(anonymous_9)
FNDA:0,(anonymous_10)
FNDA:0,(anonymous_11)
FNDA:0,(anonymous_12)
FNDA:0,AppRoutes
DA:9,0
DA:10,0
DA:13,0
DA:14,0
DA:15,0
DA:16,0
DA:17,0
DA:18,0
DA:19,0
DA:20,0
DA:23,0
DA:24,0
DA:25,0
DA:28,0
LF:14
LH:0
BRF:0
BRH:0
end_of_record
TN:
SF:src/presentation/router/GuestOnlyRoute.tsx
FN:10,GuestOnlyRoute
FN:11,(anonymous_1)
FN:12,(anonymous_2)
FNF:3
FNH:0
FNDA:0,GuestOnlyRoute
FNDA:0,(anonymous_1)
FNDA:0,(anonymous_2)
DA:11,0
DA:12,0
DA:14,0
DA:16,0
DA:17,0
LF:5
LH:0
BRDA:14,0,0,0
BRDA:14,0,1,0
BRDA:16,1,0,0
BRDA:16,1,1,0
BRF:4
BRH:0
end_of_record
TN:
SF:src/presentation/router/ProtectedRoute.tsx
FN:10,ProtectedRoute
FN:11,(anonymous_1)
FN:12,(anonymous_2)
FNF:3
FNH:0
FNDA:0,ProtectedRoute
FNDA:0,(anonymous_1)
FNDA:0,(anonymous_2)
DA:11,0
DA:12,0
DA:14,0
DA:15,0
DA:16,0
LF:5
LH:0
BRDA:14,0,0,0
BRDA:14,0,1,0
BRDA:15,1,0,0
BRDA:15,1,1,0
BRF:4
BRH:0
end_of_record
TN:
SF:src/presentation/store/authStore.ts
FN:16,(anonymous_0)
FN:22,(anonymous_1)
FN:23,(anonymous_2)
FN:24,(anonymous_3)
FN:25,(anonymous_4)
FNF:5
FNH:0
FNDA:0,(anonymous_0)
FNDA:0,(anonymous_1)
FNDA:0,(anonymous_2)
FNDA:0,(anonymous_3)
FNDA:0,(anonymous_4)
DA:16,0
DA:22,0
DA:23,0
DA:24,0
DA:25,0
LF:5
LH:0
BRF:0
BRH:0
end_of_record
TN:
SF:src/presentation/store/uiStore.ts
FN:5,readInitialSettingsCollapsed
FN:22,(anonymous_1)
FN:25,(anonymous_2)
FN:26,(anonymous_3)
FN:36,(anonymous_4)
FNF:5
FNH:0
FNDA:0,readInitialSettingsCollapsed
FNDA:0,(anonymous_1)
FNDA:0,(anonymous_2)
FNDA:0,(anonymous_3)
FNDA:0,(anonymous_4)
DA:3,0
DA:6,0
DA:7,0
DA:22,0
DA:26,0
DA:27,0
DA:28,0
DA:29,0
DA:33,0
DA:37,0
DA:38,0
DA:42,0
LF:12
LH:0
BRDA:6,0,0,0
BRDA:6,0,1,0
BRDA:29,1,0,0
BRDA:29,1,1,0
BRDA:38,2,0,0
BRDA:38,2,1,0
BRF:6
BRH:0
end_of_record
TN:
SF:src/presentation/views/HomeView.tsx
FN:13,HomeView
FN:17,handleLogout
FNF:2
FNH:0
FNDA:0,HomeView
FNDA:0,handleLogout
DA:14,0
DA:15,0
DA:18,0
DA:19,0
DA:22,0
LF:5
LH:0
BRDA:29,0,0,0
BRDA:29,0,1,0
BRF:2
BRH:0
end_of_record
TN:
SF:src/presentation/views/auth/LoginView.tsx
FN:7,LoginView
FNF:1
FNH:0
FNDA:0,LoginView
DA:8,0
LF:1
LH:0
BRF:0
BRH:0
end_of_record
TN:
SF:src/presentation/views/auth/RegisterView.tsx
FN:18,RegisterView
FN:32,handleSubmit
FN:54,handleSocialLogin
FN:92,(anonymous_3)
FN:100,(anonymous_4)
FN:106,(anonymous_5)
FN:137,(anonymous_6)
FN:151,(anonymous_7)
FN:165,(anonymous_8)
FNF:9
FNH:0
FNDA:0,RegisterView
FNDA:0,handleSubmit
FNDA:0,handleSocialLogin
FNDA:0,(anonymous_3)
FNDA:0,(anonymous_4)
FNDA:0,(anonymous_5)
FNDA:0,(anonymous_6)
FNDA:0,(anonymous_7)
FNDA:0,(anonymous_8)
DA:19,0
DA:20,0
DA:21,0
DA:23,0
DA:24,0
DA:25,0
DA:26,0
DA:27,0
DA:28,0
DA:30,0
DA:33,0
DA:34,0
DA:35,0
DA:36,0
DA:37,0
DA:39,0
DA:40,0
DA:41,0
DA:43,0
DA:44,0
DA:45,0
DA:46,0
DA:48,0
DA:50,0
DA:55,0
DA:56,0
DA:57,0
DA:58,0
DA:60,0
DA:62,0
DA:66,0
DA:68,0
DA:93,0
DA:101,0
DA:106,0
DA:137,0
DA:151,0
DA:165,0
LF:38
LH:0
BRDA:30,0,0,0
BRDA:30,0,1,0
BRDA:35,1,0,0
BRDA:35,1,1,0
BRDA:35,2,0,0
BRDA:35,2,1,0
BRDA:39,3,0,0
BRDA:39,3,1,0
BRDA:45,4,0,0
BRDA:45,4,1,0
BRDA:66,5,0,0
BRDA:66,5,1,0
BRDA:90,6,0,0
BRDA:90,6,1,0
BRDA:98,7,0,0
BRDA:98,7,1,0
BRDA:98,7,2,0
BRDA:112,8,0,0
BRDA:112,8,1,0
BRDA:172,9,0,0
BRDA:172,9,1,0
BRDA:189,10,0,0
BRDA:189,10,1,0
BRF:23
BRH:0
end_of_record
TN:
SF:src/presentation/views/auth/SocialLoginButton.tsx
FN:20,SocialLoginButton
FN:51,ProviderIcon
FNF:2
FNH:0
FNDA:0,SocialLoginButton
FNDA:0,ProviderIcon
DA:21,0
DA:52,0
DA:54,0
DA:63,0
DA:71,0
DA:80,0
DA:86,0
DA:92,0
DA:98,0
LF:9
LH:0
BRDA:37,0,0,0
BRDA:37,0,1,0
BRDA:46,1,0,0
BRDA:46,1,1,0
BRDA:52,2,0,0
BRDA:52,2,1,0
BRDA:52,2,2,0
BRDA:52,2,3,0
BRDA:52,2,4,0
BRDA:52,2,5,0
BRDA:52,2,6,0
BRDA:52,2,7,0
BRDA:52,2,8,0
BRF:13
BRH:0
end_of_record
TN:
SF:src/presentation/views/chat/ChatLandingView.tsx
FN:28,ChatLandingView
FN:46,(anonymous_1)
FN:53,(anonymous_2)
FNF:3
FNH:0
FNDA:0,ChatLandingView
FNDA:0,(anonymous_1)
FNDA:0,(anonymous_2)
DA:29,0
DA:30,0
DA:31,0
DA:32,0
DA:33,0
DA:34,0
DA:37,0
DA:39,0
DA:40,0
DA:41,0
DA:42,0
DA:43,0
DA:46,0
DA:48,0
DA:49,0
DA:50,0
DA:51,0
DA:53,0
DA:54,0
DA:55,0
DA:56,0
DA:57,0
DA:58,0
DA:61,0
DA:66,0
DA:67,0
DA:72,0
DA:77,0
DA:79,0
DA:80,0
DA:81,0
DA:95,0
LF:32
LH:0
BRDA:50,0,0,0
BRDA:50,0,1,0
BRDA:51,1,0,0
BRDA:51,1,1,0
BRDA:51,1,2,0
BRDA:55,2,0,0
BRDA:55,2,1,0
BRDA:55,3,0,0
BRDA:55,3,1,0
BRDA:55,3,2,0
BRDA:63,4,0,0
BRDA:63,4,1,0
BRDA:69,5,0,0
BRDA:69,5,1,0
BRDA:77,6,0,0
BRDA:77,6,1,0
BRDA:78,7,0,0
BRDA:78,7,1,0
BRDA:110,8,0,0
BRDA:110,8,1,0
BRDA:113,9,0,0
BRDA:113,9,1,0
BRDA:115,10,0,0
BRDA:115,10,1,0
BRDA:117,11,0,0
BRDA:117,11,1,0
BRDA:124,12,0,0
BRDA:124,12,1,0
BRF:28
BRH:0
end_of_record
TN:
SF:src/presentation/views/chat/ChatSessionView.tsx
FN:44,persistedToAGUIMessage
FN:52,(anonymous_1)
FN:68,ChatSessionView
FN:107,ChatConversation
FN:121,(anonymous_4)
FN:129,(anonymous_5)
FN:129,(anonymous_6)
FN:158,(anonymous_7)
FN:168,(anonymous_8)
FN:178,(anonymous_9)
FN:187,(anonymous_10)
FN:196,(anonymous_11)
FN:198,(anonymous_12)
FN:202,(anonymous_13)
FN:203,(anonymous_14)
FN:212,(anonymous_15)
FN:215,(anonymous_16)
FN:215,(anonymous_17)
FN:218,(anonymous_18)
FN:219,(anonymous_19)
FN:223,(anonymous_20)
FN:229,(anonymous_21)
FN:233,(anonymous_22)
FN:238,(anonymous_23)
FN:238,(anonymous_24)
FN:241,(anonymous_25)
FN:247,(anonymous_26)
FN:248,(anonymous_27)
FN:252,(anonymous_28)
FN:257,(anonymous_29)
FN:271,(anonymous_30)
FN:275,(anonymous_31)
FN:298,(anonymous_32)
FN:310,(anonymous_33)
FN:338,(anonymous_34)
FN:362,(anonymous_35)
FN:365,(anonymous_36)
FN:371,(anonymous_37)
FN:374,(anonymous_38)
FN:386,(anonymous_39)
FNF:40
FNH:0
FNDA:0,persistedToAGUIMessage
FNDA:0,(anonymous_1)
FNDA:0,ChatSessionView
FNDA:0,ChatConversation
FNDA:0,(anonymous_4)
FNDA:0,(anonymous_5)
FNDA:0,(anonymous_6)
FNDA:0,(anonymous_7)
FNDA:0,(anonymous_8)
FNDA:0,(anonymous_9)
FNDA:0,(anonymous_10)
FNDA:0,(anonymous_11)
FNDA:0,(anonymous_12)
FNDA:0,(anonymous_13)
FNDA:0,(anonymous_14)
FNDA:0,(anonymous_15)
FNDA:0,(anonymous_16)
FNDA:0,(anonymous_17)
FNDA:0,(anonymous_18)
FNDA:0,(anonymous_19)
FNDA:0,(anonymous_20)
FNDA:0,(anonymous_21)
FNDA:0,(anonymous_22)
FNDA:0,(anonymous_23)
FNDA:0,(anonymous_24)
FNDA:0,(anonymous_25)
FNDA:0,(anonymous_26)
FNDA:0,(anonymous_27)
FNDA:0,(anonymous_28)
FNDA:0,(anonymous_29)
FNDA:0,(anonymous_30)
FNDA:0,(anonymous_31)
FNDA:0,(anonymous_32)
FNDA:0,(anonymous_33)
FNDA:0,(anonymous_34)
FNDA:0,(anonymous_35)
FNDA:0,(anonymous_36)
FNDA:0,(anonymous_37)
FNDA:0,(anonymous_38)
FNDA:0,(anonymous_39)
DA:39,0
DA:45,0
DA:50,0
DA:51,0
DA:52,0
DA:58,0
DA:69,0
DA:70,0
DA:71,0
DA:72,0
DA:76,0
DA:80,0
DA:81,0
DA:88,0
DA:90,0
DA:112,0
DA:113,0
DA:114,0
DA:115,0
DA:116,0
DA:117,0
DA:118,0
DA:120,0
DA:121,0
DA:127,0
DA:128,0
DA:129,0
DA:147,0
DA:150,0
DA:152,0
DA:154,0
DA:158,0
DA:159,0
DA:160,0
DA:161,0
DA:163,0
DA:168,0
DA:169,0
DA:170,0
DA:171,0
DA:173,0
DA:178,0
DA:179,0
DA:180,0
DA:181,0
DA:183,0
DA:187,0
DA:188,0
DA:189,0
DA:191,0
DA:196,0
DA:197,0
DA:198,0
DA:202,0
DA:203,0
DA:204,0
DA:205,0
DA:207,0
DA:211,0
DA:213,0
DA:215,0
DA:219,0
DA:220,0
DA:224,0
DA:225,0
DA:227,0
DA:229,0
DA:234,0
DA:235,0
DA:236,0
DA:238,0
DA:242,0
DA:243,0
DA:244,0
DA:247,0
DA:248,0
DA:252,0
DA:256,0
DA:257,0
DA:258,0
DA:259,0
DA:260,0
DA:261,0
DA:262,0
DA:263,0
DA:270,0
DA:271,0
DA:272,0
DA:275,0
DA:276,0
DA:277,0
DA:278,0
DA:279,0
DA:282,0
DA:283,0
DA:284,0
DA:286,0
DA:299,0
DA:311,0
DA:338,0
DA:363,0
DA:365,0
DA:372,0
DA:374,0
DA:386,0
LF:105
LH:0
BRDA:50,0,0,0
BRDA:50,0,1,0
BRDA:50,1,0,0
BRDA:50,1,1,0
BRDA:51,2,0,0
BRDA:51,2,1,0
BRDA:51,3,0,0
BRDA:51,3,1,0
BRDA:51,3,2,0
BRDA:55,4,0,0
BRDA:55,4,1,0
BRDA:70,5,0,0
BRDA:70,5,1,0
BRDA:76,6,0,0
BRDA:76,6,1,0
BRDA:80,7,0,0
BRDA:80,7,1,0
BRDA:88,8,0,0
BRDA:88,8,1,0
BRDA:94,9,0,0
BRDA:94,9,1,0
BRDA:129,10,0,0
BRDA:129,10,1,0
BRDA:161,11,0,0
BRDA:161,11,1,0
BRDA:161,12,0,0
BRDA:161,12,1,0
BRDA:171,13,0,0
BRDA:171,13,1,0
BRDA:181,14,0,0
BRDA:181,14,1,0
BRDA:189,15,0,0
BRDA:189,15,1,0
BRDA:197,16,0,0
BRDA:197,16,1,0
BRDA:197,17,0,0
BRDA:197,17,1,0
BRDA:205,18,0,0
BRDA:205,18,1,0
BRDA:224,19,0,0
BRDA:224,19,1,0
BRDA:235,20,0,0
BRDA:235,20,1,0
BRDA:243,21,0,0
BRDA:243,21,1,0
BRDA:258,22,0,0
BRDA:258,22,1,0
BRDA:260,23,0,0
BRDA:260,23,1,0
BRDA:275,24,0,0
BRDA:277,25,0,0
BRDA:277,25,1,0
BRDA:282,26,0,0
BRDA:282,26,1,0
BRDA:283,27,0,0
BRDA:283,27,1,0
BRDA:284,28,0,0
BRDA:284,28,1,0
BRDA:304,29,0,0
BRDA:304,29,1,0
BRDA:304,29,2,0
BRDA:313,30,0,0
BRDA:313,30,1,0
BRDA:314,31,0,0
BRDA:314,31,1,0
BRDA:323,32,0,0
BRDA:323,32,1,0
BRDA:327,33,0,0
BRDA:327,33,1,0
BRDA:327,33,2,0
BRDA:332,34,0,0
BRDA:332,34,1,0
BRDA:356,35,0,0
BRDA:356,35,1,0
BRF:74
BRH:0
end_of_record
TN:
SF:src/presentation/views/chat/ChatView.tsx
FN:18,ChatView
FN:31,(anonymous_1)
FN:43,(anonymous_2)
FN:55,(anonymous_3)
FN:62,(anonymous_4)
FNF:5
FNH:0
FNDA:0,ChatView
FNDA:0,(anonymous_1)
FNDA:0,(anonymous_2)
FNDA:0,(anonymous_3)
FNDA:0,(anonymous_4)
DA:19,0
DA:21,0
DA:31,0
DA:43,0
DA:55,0
DA:62,0
LF:6
LH:0
BRDA:39,0,0,0
BRDA:39,0,1,0
BRF:2
BRH:0
end_of_record
TN:
SF:src/presentation/views/chat/components/AttachmentChip.tsx
FN:25,AttachmentChip
FN:62,(anonymous_1)
FNF:2
FNH:2
FNDA:4,AttachmentChip
FNDA:1,(anonymous_1)
DA:34,4
DA:35,4
DA:63,1
DA:64,1
LF:4
LH:4
BRDA:39,0,0,0
BRDA:39,0,1,4
BRDA:40,1,0,4
BRDA:40,1,1,0
BRDA:41,2,0,4
BRDA:41,2,1,2
BRDA:44,3,0,2
BRDA:44,3,1,2
BRDA:48,4,0,0
BRDA:48,4,1,4
BRDA:50,5,0,0
BRDA:50,5,1,4
BRDA:50,6,0,4
BRDA:50,6,1,3
BRDA:52,7,0,3
BRDA:52,7,1,1
BRDA:59,8,0,4
BRDA:59,8,1,1
BRF:18
BRH:14
end_of_record
TN:
SF:src/presentation/views/chat/components/AttachmentViewer.tsx
FN:19,AttachmentViewer
FN:22,(anonymous_1)
FN:24,(anonymous_2)
FN:28,(anonymous_3)
FN:46,(anonymous_4)
FN:73,(anonymous_5)
FNF:6
FNH:0
FNDA:0,AttachmentViewer
FNDA:0,(anonymous_1)
FNDA:0,(anonymous_2)
FNDA:0,(anonymous_3)
FNDA:0,(anonymous_4)
FNDA:0,(anonymous_5)
DA:20,0
DA:22,0
DA:23,0
DA:24,0
DA:25,0
DA:27,0
DA:28,0
DA:31,0
DA:33,0
DA:34,0
DA:36,0
DA:46,0
DA:73,0
LF:13
LH:0
BRDA:20,0,0,0
BRDA:20,0,1,0
BRDA:23,1,0,0
BRDA:23,1,1,0
BRDA:25,2,0,0
BRDA:25,2,1,0
BRDA:31,3,0,0
BRDA:31,3,1,0
BRDA:51,4,0,0
BRDA:51,4,1,0
BRDA:75,5,0,0
BRDA:75,5,1,0
BRDA:77,6,0,0
BRDA:77,6,1,0
BRDA:79,7,0,0
BRDA:79,7,1,0
BRDA:79,8,0,0
BRDA:79,8,1,0
BRDA:81,9,0,0
BRDA:81,9,1,0
BRDA:87,10,0,0
BRDA:87,10,1,0
BRF:22
BRH:0
end_of_record
TN:
SF:src/presentation/views/chat/components/ChatInput.tsx
FN:72,ChatInput
FN:93,(anonymous_1)
FN:95,(anonymous_2)
FN:95,(anonymous_3)
FN:95,(anonymous_4)
FN:103,(anonymous_5)
FN:107,(anonymous_6)
FN:124,(anonymous_7)
FN:137,(anonymous_8)
FN:138,(anonymous_9)
FN:139,(anonymous_10)
FN:144,(anonymous_11)
FN:149,(anonymous_12)
FN:150,(anonymous_13)
FN:162,(anonymous_14)
FN:163,(anonymous_15)
FN:164,(anonymous_16)
FN:166,(anonymous_17)
FN:170,(anonymous_18)
FN:171,(anonymous_19)
FN:178,(anonymous_20)
FN:179,(anonymous_21)
FN:180,(anonymous_22)
FN:187,(anonymous_23)
FN:202,(anonymous_24)
FN:225,(anonymous_25)
FN:229,(anonymous_26)
FN:236,(anonymous_27)
FN:243,(anonymous_28)
FN:253,(anonymous_29)
FN:258,(anonymous_30)
FN:264,(anonymous_31)
FN:299,(anonymous_32)
FN:307,(anonymous_33)
FN:316,(anonymous_34)
FN:338,(anonymous_35)
FN:345,(anonymous_36)
FNF:37
FNH:0
FNDA:0,ChatInput
FNDA:0,(anonymous_1)
FNDA:0,(anonymous_2)
FNDA:0,(anonymous_3)
FNDA:0,(anonymous_4)
FNDA:0,(anonymous_5)
FNDA:0,(anonymous_6)
FNDA:0,(anonymous_7)
FNDA:0,(anonymous_8)
FNDA:0,(anonymous_9)
FNDA:0,(anonymous_10)
FNDA:0,(anonymous_11)
FNDA:0,(anonymous_12)
FNDA:0,(anonymous_13)
FNDA:0,(anonymous_14)
FNDA:0,(anonymous_15)
FNDA:0,(anonymous_16)
FNDA:0,(anonymous_17)
FNDA:0,(anonymous_18)
FNDA:0,(anonymous_19)
FNDA:0,(anonymous_20)
FNDA:0,(anonymous_21)
FNDA:0,(anonymous_22)
FNDA:0,(anonymous_23)
FNDA:0,(anonymous_24)
FNDA:0,(anonymous_25)
FNDA:0,(anonymous_26)
FNDA:0,(anonymous_27)
FNDA:0,(anonymous_28)
FNDA:0,(anonymous_29)
FNDA:0,(anonymous_30)
FNDA:0,(anonymous_31)
FNDA:0,(anonymous_32)
FNDA:0,(anonymous_33)
FNDA:0,(anonymous_34)
FNDA:0,(anonymous_35)
FNDA:0,(anonymous_36)
DA:86,0
DA:87,0
DA:88,0
DA:91,0
DA:92,0
DA:93,0
DA:94,0
DA:95,0
DA:100,0
DA:102,0
DA:104,0
DA:105,0
DA:106,0
DA:107,0
DA:118,0
DA:120,0
DA:121,0
DA:124,0
DA:135,0
DA:138,0
DA:139,0
DA:140,0
DA:145,0
DA:149,0
DA:150,0
DA:151,0
DA:162,0
DA:163,0
DA:164,0
DA:165,0
DA:166,0
DA:170,0
DA:171,0
DA:172,0
DA:173,0
DA:178,0
DA:179,0
DA:180,0
DA:181,0
DA:182,0
DA:187,0
DA:188,0
DA:189,0
DA:190,0
DA:194,0
DA:195,0
DA:196,0
DA:197,0
DA:199,0
DA:202,0
DA:203,0
DA:204,0
DA:205,0
DA:207,0
DA:208,0
DA:209,0
DA:210,0
DA:211,0
DA:212,0
DA:213,0
DA:214,0
DA:215,0
DA:216,0
DA:217,0
DA:218,0
DA:219,0
DA:222,0
DA:225,0
DA:226,0
DA:227,0
DA:228,0
DA:229,0
DA:233,0
DA:235,0
DA:237,0
DA:238,0
DA:239,0
DA:240,0
DA:241,0
DA:242,0
DA:243,0
DA:244,0
DA:245,0
DA:246,0
DA:247,0
DA:253,0
DA:255,0
DA:256,0
DA:257,0
DA:258,0
DA:259,0
DA:261,0
DA:262,0
DA:263,0
DA:264,0
DA:266,0
DA:268,0
DA:269,0
DA:270,0
DA:271,0
DA:273,0
DA:274,0
DA:275,0
DA:276,0
DA:279,0
DA:280,0
DA:281,0
DA:285,0
DA:300,0
DA:307,0
DA:316,0
DA:339,0
DA:340,0
DA:345,0
LF:114
LH:0
BRDA:77,0,0,0
BRDA:78,1,0,0
BRDA:79,2,0,0
BRDA:95,3,0,0
BRDA:95,3,1,0
BRDA:100,4,0,0
BRDA:100,4,1,0
BRDA:100,4,2,0
BRDA:100,4,3,0
BRDA:104,5,0,0
BRDA:104,5,1,0
BRDA:106,6,0,0
BRDA:106,6,1,0
BRDA:121,7,0,0
BRDA:121,7,1,0
BRDA:140,8,0,0
BRDA:140,8,1,0
BRDA:147,9,0,0
BRDA:147,9,1,0
BRDA:151,10,0,0
BRDA:151,10,1,0
BRDA:165,11,0,0
BRDA:165,11,1,0
BRDA:172,12,0,0
BRDA:172,12,1,0
BRDA:181,13,0,0
BRDA:181,13,1,0
BRDA:188,14,0,0
BRDA:188,14,1,0
BRDA:199,15,0,0
BRDA:199,15,1,0
BRDA:203,16,0,0
BRDA:203,16,1,0
BRDA:208,17,0,0
BRDA:208,17,1,0
BRDA:209,18,0,0
BRDA:209,18,1,0
BRDA:211,19,0,0
BRDA:211,19,1,0
BRDA:211,19,2,0
BRDA:212,20,0,0
BRDA:212,20,1,0
BRDA:212,21,0,0
BRDA:212,21,1,0
BRDA:212,21,2,0
BRDA:212,21,3,0
BRDA:214,22,0,0
BRDA:214,22,1,0
BRDA:226,23,0,0
BRDA:226,23,1,0
BRDA:233,24,0,0
BRDA:233,24,1,0
BRDA:245,25,0,0
BRDA:245,25,1,0
BRDA:255,26,0,0
BRDA:255,26,1,0
BRDA:256,27,0,0
BRDA:256,27,1,0
BRDA:261,28,0,0
BRDA:261,28,1,0
BRDA:268,29,0,0
BRDA:268,29,1,0
BRDA:268,30,0,0
BRDA:268,30,1,0
BRDA:273,31,0,0
BRDA:273,31,1,0
BRDA:279,32,0,0
BRDA:279,32,1,0
BRDA:279,33,0,0
BRDA:279,33,1,0
BRDA:287,34,0,0
BRDA:287,34,1,0
BRDA:297,35,0,0
BRDA:297,35,1,0
BRDA:330,36,0,0
BRDA:330,36,1,0
BRDA:339,37,0,0
BRDA:339,37,1,0
BRDA:346,38,0,0
BRDA:346,38,1,0
BRDA:357,39,0,0
BRDA:357,39,1,0
BRDA:373,40,0,0
BRDA:373,40,1,0
BRDA:376,41,0,0
BRDA:376,41,1,0
BRF:86
BRH:0
end_of_record
TN:
SF:src/presentation/views/chat/components/ChatMessage.tsx
FN:77,ChatMessage
FN:96,(anonymous_1)
FN:104,(anonymous_2)
FN:107,(anonymous_3)
FN:112,(anonymous_4)
FN:127,(anonymous_5)
FN:131,(anonymous_6)
FN:137,(anonymous_7)
FN:159,(anonymous_8)
FN:163,(anonymous_9)
FN:192,(anonymous_10)
FN:201,(anonymous_11)
FN:217,(anonymous_12)
FN:220,(anonymous_13)
FN:230,(anonymous_14)
FNF:15
FNH:0
FNDA:0,ChatMessage
FNDA:0,(anonymous_1)
FNDA:0,(anonymous_2)
FNDA:0,(anonymous_3)
FNDA:0,(anonymous_4)
FNDA:0,(anonymous_5)
FNDA:0,(anonymous_6)
FNDA:0,(anonymous_7)
FNDA:0,(anonymous_8)
FNDA:0,(anonymous_9)
FNDA:0,(anonymous_10)
FNDA:0,(anonymous_11)
FNDA:0,(anonymous_12)
FNDA:0,(anonymous_13)
FNDA:0,(anonymous_14)
DA:18,0
DA:92,0
DA:93,0
DA:96,0
DA:97,0
DA:98,0
DA:99,0
DA:101,0
DA:104,0
DA:105,0
DA:108,0
DA:112,0
DA:118,0
DA:119,0
DA:120,0
DA:121,0
DA:127,0
DA:131,0
DA:138,0
DA:139,0
DA:148,0
DA:160,0
DA:161,0
DA:163,0
DA:171,0
DA:172,0
DA:179,0
DA:184,0
DA:193,0
DA:194,0
DA:195,0
DA:202,0
DA:207,0
DA:217,0
DA:220,0
DA:230,0
LF:36
LH:0
BRDA:87,0,0,0
BRDA:98,1,0,0
BRDA:98,1,1,0
BRDA:105,2,0,0
BRDA:105,2,1,0
BRDA:105,3,0,0
BRDA:105,3,1,0
BRDA:106,4,0,0
BRDA:106,4,1,0
BRDA:112,5,0,0
BRDA:112,5,1,0
BRDA:118,6,0,0
BRDA:118,6,1,0
BRDA:119,7,0,0
BRDA:119,7,1,0
BRDA:151,8,0,0
BRDA:151,8,1,0
BRDA:156,9,0,0
BRDA:156,9,1,0
BRDA:164,10,0,0
BRDA:164,10,1,0
BRDA:171,11,0,0
BRDA:171,11,1,0
BRDA:171,12,0,0
BRDA:171,12,1,0
BRDA:179,13,0,0
BRDA:179,13,1,0
BRDA:179,13,2,0
BRDA:179,13,3,0
BRDA:186,14,0,0
BRDA:186,14,1,0
BRDA:189,15,0,0
BRDA:189,15,1,0
BRDA:194,16,0,0
BRDA:194,16,1,0
BRDA:194,17,0,0
BRDA:194,17,1,0
BRDA:210,18,0,0
BRDA:210,18,1,0
BRDA:211,19,0,0
BRDA:211,19,1,0
BRDA:211,20,0,0
BRDA:211,20,1,0
BRDA:213,21,0,0
BRDA:213,21,1,0
BRDA:219,22,0,0
BRDA:219,22,1,0
BRDA:228,23,0,0
BRDA:228,23,1,0
BRF:49
BRH:0
end_of_record
TN:
SF:src/presentation/views/chat/components/ChatSidebar.tsx
FN:16,ChatSidebar
FN:19,(anonymous_1)
FN:29,(anonymous_2)
FN:44,(anonymous_3)
FNF:4
FNH:0
FNDA:0,ChatSidebar
FNDA:0,(anonymous_1)
FNDA:0,(anonymous_2)
FNDA:0,(anonymous_3)
DA:17,0
DA:19,0
DA:20,0
DA:21,0
DA:24,0
DA:29,0
DA:44,0
LF:7
LH:0
BRF:0
BRH:0
end_of_record
TN:
SF:src/presentation/views/chat/components/ConversationList.tsx
FN:13,ConversationList
FN:17,(anonymous_1)
FN:17,(anonymous_2)
FN:19,(anonymous_3)
FN:19,(anonymous_4)
FN:42,(anonymous_5)
FN:54,(anonymous_6)
FNF:7
FNH:0
FNDA:0,ConversationList
FNDA:0,(anonymous_1)
FNDA:0,(anonymous_2)
FNDA:0,(anonymous_3)
FNDA:0,(anonymous_4)
FNDA:0,(anonymous_5)
FNDA:0,(anonymous_6)
DA:14,0
DA:15,0
DA:17,0
DA:18,0
DA:19,0
DA:23,0
DA:24,0
DA:27,0
DA:28,0
DA:35,0
DA:43,0
DA:55,0
LF:12
LH:0
BRDA:14,0,0,0
BRDA:15,1,0,0
BRDA:23,2,0,0
BRDA:23,2,1,0
BRDA:23,3,0,0
BRDA:23,3,1,0
BRDA:27,4,0,0
BRDA:27,4,1,0
BRDA:27,5,0,0
BRDA:27,5,1,0
BRDA:37,6,0,0
BRDA:37,6,1,0
BRDA:47,7,0,0
BRDA:47,7,1,0
BRDA:49,8,0,0
BRDA:49,8,1,0
BRF:16
BRH:0
end_of_record
TN:
SF:src/presentation/views/chat/components/ConversationListItem.tsx
FN:30,ConversationListItem
FN:50,(anonymous_1)
FN:56,(anonymous_2)
FN:63,(anonymous_3)
FN:67,(anonymous_4)
FN:70,(anonymous_5)
FN:74,(anonymous_6)
FN:90,(anonymous_7)
FN:92,(anonymous_8)
FN:103,(anonymous_9)
FN:121,(anonymous_10)
FN:150,(anonymous_11)
FNF:12
FNH:2
FNDA:4,ConversationListItem
FNDA:3,(anonymous_1)
FNDA:0,(anonymous_2)
FNDA:0,(anonymous_3)
FNDA:0,(anonymous_4)
FNDA:0,(anonymous_5)
FNDA:0,(anonymous_6)
FNDA:0,(anonymous_7)
FNDA:0,(anonymous_8)
FNDA:0,(anonymous_9)
FNDA:0,(anonymous_10)
FNDA:0,(anonymous_11)
DA:22,1
DA:31,4
DA:32,4
DA:33,4
DA:35,4
DA:36,4
DA:37,4
DA:42,4
DA:43,4
DA:44,4
DA:46,4
DA:47,4
DA:48,4
DA:50,4
DA:51,3
DA:54,4
DA:56,4
DA:57,0
DA:58,0
DA:59,0
DA:60,0
DA:61,0
DA:63,0
DA:67,4
DA:68,0
DA:70,0
DA:74,4
DA:76,0
DA:77,0
DA:78,0
DA:80,0
DA:84,4
DA:85,0
DA:90,0
DA:93,0
DA:103,0
DA:112,4
DA:121,0
DA:151,0
DA:152,0
LF:40
LH:21
BRDA:43,0,0,1
BRDA:43,0,1,3
BRDA:47,1,0,4
BRDA:47,1,1,0
BRDA:51,2,0,0
BRDA:51,2,1,3
BRDA:54,3,0,4
BRDA:54,3,1,0
BRDA:60,4,0,0
BRDA:60,4,1,0
BRDA:60,5,0,0
BRDA:60,5,1,0
BRDA:76,6,0,0
BRDA:76,6,1,0
BRDA:84,7,0,0
BRDA:84,7,1,4
BRDA:93,8,0,0
BRDA:93,8,1,0
BRDA:116,9,0,0
BRDA:116,9,1,4
BRDA:129,10,0,4
BRDA:129,10,1,1
BRDA:142,11,0,0
BRDA:142,11,1,4
BRDA:143,12,0,0
BRDA:143,12,1,4
BRDA:146,13,0,0
BRDA:146,13,1,4
BRDA:151,14,0,0
BRDA:151,14,1,0
BRF:30
BRH:12
end_of_record
TN:
SF:src/presentation/views/chat/components/FlowProposalCard.tsx
FN:34,FlowProposalCard
FN:50,(anonymous_1)
FN:77,(anonymous_2)
FN:92,(anonymous_3)
FNF:4
FNH:0
FNDA:0,FlowProposalCard
FNDA:0,(anonymous_1)
FNDA:0,(anonymous_2)
FNDA:0,(anonymous_3)
DA:35,0
DA:36,0
DA:38,0
DA:39,0
DA:40,0
DA:42,0
DA:43,0
DA:50,0
DA:51,0
DA:52,0
DA:53,0
DA:56,0
DA:77,0
DA:92,0
LF:14
LH:0
BRDA:39,0,0,0
BRDA:39,0,1,0
BRDA:42,1,0,0
BRDA:42,1,1,0
BRDA:51,2,0,0
BRDA:51,2,1,0
BRDA:51,3,0,0
BRDA:51,3,1,0
BRDA:65,4,0,0
BRDA:65,4,1,0
BRDA:66,5,0,0
BRDA:66,5,1,0
BRDA:70,6,0,0
BRDA:70,6,1,0
BRDA:82,7,0,0
BRDA:82,7,1,0
BRDA:84,8,0,0
BRDA:84,8,1,0
BRDA:96,9,0,0
BRDA:96,9,1,0
BRDA:97,10,0,0
BRDA:97,10,1,0
BRF:22
BRH:0
end_of_record
TN:
SF:src/presentation/views/chat/components/MarkdownMessage.tsx
FN:64,MarkdownMessageImpl
FN:65,(anonymous_1)
FN:82,(anonymous_2)
FN:85,(anonymous_3)
FN:98,(anonymous_4)
FNF:5
FNH:0
FNDA:0,MarkdownMessageImpl
FNDA:0,(anonymous_1)
FNDA:0,(anonymous_2)
FNDA:0,(anonymous_3)
FNDA:0,(anonymous_4)
DA:20,0
DA:28,0
DA:36,0
DA:65,0
DA:70,0
DA:71,0
DA:81,0
DA:82,0
DA:83,0
DA:84,0
DA:85,0
DA:86,0
DA:87,0
DA:88,0
DA:89,0
DA:92,0
DA:93,0
DA:97,0
DA:98,0
DA:101,0
DA:125,0
LF:21
LH:0
BRDA:64,0,0,0
BRDA:84,1,0,0
BRDA:84,1,1,0
BRDA:87,2,0,0
BRDA:87,2,1,0
BRDA:89,3,0,0
BRDA:89,3,1,0
BRDA:108,4,0,0
BRDA:108,4,1,0
BRDA:111,5,0,0
BRDA:111,5,1,0
BRF:11
BRH:0
end_of_record
TN:
SF:src/presentation/views/chat/components/MessageActions.tsx
FN:47,MessageActions
FN:52,(anonymous_1)
FN:57,(anonymous_2)
FN:84,(anonymous_3)
FN:84,(anonymous_4)
FN:97,(anonymous_5)
FN:103,(anonymous_6)
FN:138,ActionButton
FN:150,(anonymous_8)
FNF:9
FNH:8
FNDA:8,MessageActions
FNDA:1,(anonymous_1)
FNDA:0,(anonymous_2)
FNDA:1,(anonymous_3)
FNDA:1,(anonymous_4)
FNDA:1,(anonymous_5)
FNDA:1,(anonymous_6)
FNDA:18,ActionButton
FNDA:5,(anonymous_8)
DA:48,8
DA:49,8
DA:50,8
DA:52,8
DA:53,1
DA:54,1
DA:55,1
DA:56,1
DA:57,1
DA:63,8
DA:84,1
DA:98,1
DA:104,1
DA:105,1
DA:147,18
DA:151,5
DA:152,5
LF:17
LH:17
BRDA:48,0,0,0
BRDA:53,1,0,0
BRDA:53,1,1,1
BRDA:67,2,0,8
BRDA:67,2,1,0
BRDA:72,3,0,6
BRDA:72,3,1,2
BRDA:78,4,0,6
BRDA:78,4,1,3
BRDA:78,4,2,3
BRDA:78,4,3,3
BRDA:88,5,0,3
BRDA:88,5,1,1
BRDA:118,6,0,1
BRDA:118,6,1,5
BRDA:119,7,0,1
BRDA:119,7,1,5
BRDA:126,8,0,2
BRDA:126,8,1,1
BRDA:126,8,2,1
BRF:20
BRH:17
end_of_record
TN:
SF:src/presentation/views/chat/components/ModelBadge.tsx
FN:18,ModelBadge
FN:21,(anonymous_1)
FN:23,(anonymous_2)
FNF:3
FNH:3
FNDA:4,ModelBadge
FNDA:4,(anonymous_1)
FNDA:1,(anonymous_2)
DA:19,4
DA:21,4
DA:22,4
DA:23,1
DA:26,4
DA:28,1
LF:6
LH:6
BRDA:22,0,0,3
BRDA:22,0,1,1
BRDA:22,1,0,4
BRDA:22,1,1,3
BRDA:23,2,0,1
BRDA:23,2,1,0
BRDA:26,3,0,3
BRDA:26,3,1,1
BRF:8
BRH:7
end_of_record
TN:
SF:src/presentation/views/chat/components/ModelPicker.tsx
FN:26,ModelPicker
FN:31,(anonymous_1)
FN:45,(anonymous_2)
FNF:3
FNH:0
FNDA:0,ModelPicker
FNDA:0,(anonymous_1)
FNDA:0,(anonymous_2)
DA:27,0
DA:28,0
DA:31,0
DA:35,0
DA:46,0
LF:5
LH:0
BRDA:28,0,0,0
BRDA:28,0,1,0
BRDA:28,1,0,0
BRDA:28,1,1,0
BRDA:31,2,0,0
BRDA:31,2,1,0
BRDA:31,3,0,0
BRDA:31,3,1,0
BRF:8
BRH:0
end_of_record
TN:
SF:src/presentation/views/chat/components/ReasoningPanel.tsx
FN:24,ReasoningPanel
FN:28,(anonymous_1)
FN:32,(anonymous_2)
FN:33,(anonymous_3)
FN:44,(anonymous_4)
FN:44,(anonymous_5)
FNF:6
FNH:6
FNDA:4,ReasoningPanel
FNDA:3,(anonymous_1)
FNDA:5,(anonymous_2)
FNDA:3,(anonymous_3)
FNDA:1,(anonymous_4)
FNDA:1,(anonymous_5)
DA:14,1
DA:25,4
DA:28,4
DA:30,3
DA:32,5
DA:33,3
DA:34,3
DA:35,3
DA:40,4
DA:44,1
LF:10
LH:10
BRDA:24,0,0,3
BRDA:30,1,0,3
BRDA:30,1,1,0
BRDA:35,2,0,0
BRDA:35,2,1,3
BRDA:52,3,0,2
BRDA:52,3,1,2
BRDA:56,4,0,4
BRDA:56,4,1,2
BRDA:62,5,0,4
BRDA:62,5,1,2
BRF:11
BRH:9
end_of_record
TN:
SF:src/presentation/views/chat/components/SetupBanner.tsx
FN:11,SetupBanner
FNF:1
FNH:0
FNDA:0,SetupBanner
DA:12,0
LF:1
LH:0
BRF:0
BRH:0
end_of_record
TN:
SF:src/presentation/views/chat/components/SketchonDiagram.tsx
FN:9,svgToPngBlob
FN:10,(anonymous_1)
FN:13,(anonymous_2)
FN:31,(anonymous_3)
FN:33,(anonymous_4)
FN:61,readThemeMode
FN:70,useThemeMode
FN:72,(anonymous_7)
FN:74,(anonymous_8)
FN:76,(anonymous_9)
FN:89,isLikelyComplete
FN:120,slugifyTitle
FN:131,parseSpecLenient
FN:146,SketchonDiagramImpl
FN:160,(anonymous_14)
FN:166,(anonymous_15)
FN:177,(anonymous_16)
FN:189,(anonymous_17)
FN:197,(anonymous_18)
FN:221,(anonymous_19)
FN:234,(anonymous_20)
FN:247,(anonymous_21)
FNF:22
FNH:11
FNDA:0,svgToPngBlob
FNDA:0,(anonymous_1)
FNDA:0,(anonymous_2)
FNDA:0,(anonymous_3)
FNDA:0,(anonymous_4)
FNDA:4,readThemeMode
FNDA:7,useThemeMode
FNDA:4,(anonymous_7)
FNDA:0,(anonymous_8)
FNDA:4,(anonymous_9)
FNDA:4,isLikelyComplete
FNDA:0,slugifyTitle
FNDA:3,parseSpecLenient
FNDA:7,SketchonDiagramImpl
FNDA:0,(anonymous_14)
FNDA:0,(anonymous_15)
FNDA:0,(anonymous_16)
FNDA:0,(anonymous_17)
FNDA:4,(anonymous_18)
FNDA:1,(anonymous_19)
FNDA:1,(anonymous_20)
FNDA:1,(anonymous_21)
DA:10,0
DA:11,0
DA:12,0
DA:13,0
DA:14,0
DA:15,0
DA:16,0
DA:17,0
DA:18,0
DA:19,0
DA:20,0
DA:21,0
DA:22,0
DA:23,0
DA:24,0
DA:26,0
DA:27,0
DA:28,0
DA:29,0
DA:30,0
DA:31,0
DA:33,0
DA:34,0
DA:35,0
DA:37,0
DA:56,1
DA:62,4
DA:63,4
DA:71,7
DA:72,7
DA:73,4
DA:74,4
DA:75,4
DA:76,4
DA:78,7
DA:90,4
DA:91,3
DA:92,3
DA:93,3
DA:94,3
DA:95,48
DA:96,48
DA:97,0
DA:98,0
DA:100,48
DA:101,20
DA:102,4
DA:103,20
DA:105,28
DA:106,21
DA:108,3
DA:109,3
DA:112,3
DA:116,1
DA:121,0
DA:122,0
DA:126,0
DA:132,3
DA:133,3
DA:135,1
DA:147,7
DA:151,7
DA:152,7
DA:153,7
DA:154,7
DA:155,7
DA:160,7
DA:161,0
DA:162,0
DA:163,0
DA:166,7
DA:167,0
DA:168,0
DA:169,0
DA:170,0
DA:171,0
DA:172,0
DA:173,0
DA:174,0
DA:177,7
DA:179,0
DA:180,0
DA:181,0
DA:182,0
DA:183,0
DA:184,0
DA:186,0
DA:187,0
DA:188,0
DA:189,0
DA:193,0
DA:197,7
DA:198,4
DA:199,4
DA:200,4
DA:201,4
DA:202,4
DA:204,4
DA:205,4
DA:209,4
DA:212,3
DA:213,3
DA:215,1
DA:216,1
DA:219,2
DA:220,2
DA:221,1
DA:222,1
DA:227,1
DA:228,1
DA:232,1
DA:234,1
DA:235,1
DA:236,1
DA:237,1
DA:238,1
DA:239,1
DA:240,1
DA:243,0
DA:247,1
DA:248,1
DA:252,7
DA:253,2
DA:260,5
DA:261,4
DA:268,1
DA:318,1
LF:127
LH:74
BRDA:15,0,0,0
BRDA:15,0,1,0
BRDA:16,1,0,0
BRDA:16,1,1,0
BRDA:21,2,0,0
BRDA:21,2,1,0
BRDA:26,3,0,0
BRDA:26,3,1,0
BRDA:31,4,0,0
BRDA:31,4,1,0
BRDA:62,5,0,0
BRDA:62,5,1,4
BRDA:63,6,0,0
BRDA:63,6,1,4
BRDA:90,7,0,1
BRDA:90,7,1,3
BRDA:90,8,0,4
BRDA:90,8,1,4
BRDA:96,9,0,0
BRDA:96,9,1,48
BRDA:100,10,0,20
BRDA:100,10,1,28
BRDA:101,11,0,0
BRDA:101,11,1,20
BRDA:101,12,0,4
BRDA:101,12,1,16
BRDA:105,13,0,4
BRDA:105,13,1,24
BRDA:105,14,0,3
BRDA:105,14,1,21
BRDA:106,15,0,3
BRDA:106,15,1,18
BRDA:109,16,0,0
[...]
DA:234,5
DA:235,5
DA:236,5
DA:243,5
DA:244,5
DA:249,1
DA:250,1
DA:251,1
DA:253,5
DA:260,2
LF:69
LH:51
BRDA:60,0,0,5
BRDA:60,0,1,5
BRDA:61,1,0,5
BRDA:61,1,1,0
BRDA:62,2,0,0
BRDA:62,2,1,0
BRDA:79,3,0,0
BRDA:79,3,1,3
BRDA:80,4,0,3
BRDA:80,4,1,0
BRDA:81,5,0,0
BRDA:81,5,1,3
BRDA:82,6,0,3
BRDA:82,6,1,0
BRDA:83,7,0,3
BRDA:83,7,1,0
BRDA:84,8,0,0
BRDA:84,8,1,3
BRDA:84,9,0,3
BRDA:84,9,1,0
BRDA:103,10,0,0
BRDA:103,10,1,0
BRDA:103,11,0,0
BRDA:103,11,1,0
BRDA:184,12,0,5
BRDA:184,12,1,0
BRDA:184,13,0,5
BRDA:184,13,1,5
BRDA:185,14,0,0
BRDA:185,14,1,0
BRDA:187,15,0,0
BRDA:187,15,1,0
BRDA:188,16,0,0
BRDA:188,16,1,0
BRDA:191,17,0,0
BRDA:191,17,1,0
BRDA:192,18,0,0
BRDA:192,18,1,0
BRDA:203,19,0,3
BRDA:203,19,1,2
BRDA:204,20,0,2
BRDA:204,20,1,0
BRDA:210,21,0,0
BRDA:210,21,1,2
BRDA:211,22,0,0
BRDA:211,22,1,2
BRDA:217,23,0,2
BRDA:217,23,1,0
BRDA:221,24,0,2
BRDA:221,24,1,0
BRDA:234,25,0,2
BRDA:234,25,1,3
BRDA:236,26,0,0
BRDA:236,26,1,5
BRDA:244,27,0,1
BRDA:244,27,1,4
BRDA:245,28,0,5
BRDA:245,28,1,1
BRDA:245,28,2,1
BRF:59
BRH:28
end_of_record
TN:
SF:src/presentation/views/settings/FlowDetailView/useFlowEditorStore.ts
FN:162,isMutatingNodeChange
FN:172,nextNodeId
FN:173,(anonymous_2)
FN:174,(anonymous_3)
FN:181,nextConnectorNodeId
FN:182,(anonymous_5)
FN:183,(anonymous_6)
FN:190,nextDecisionNodeId
FN:191,(anonymous_8)
FN:192,(anonymous_9)
FN:199,nextKnowledgeNodeId
FN:200,(anonymous_11)
FN:201,(anonymous_12)
FN:206,(anonymous_13)
FN:215,(anonymous_14)
FN:226,(anonymous_15)
FN:237,(anonymous_16)
FN:239,(anonymous_17)
FN:241,(anonymous_18)
FN:242,(anonymous_19)
FN:244,(anonymous_20)
FN:245,(anonymous_21)
FN:253,(anonymous_22)
FN:261,(anonymous_23)
FN:262,(anonymous_24)
FN:264,(anonymous_25)
FN:267,(anonymous_26)
FN:268,(anonymous_27)
FN:273,(anonymous_28)
FN:290,(anonymous_29)
FN:291,(anonymous_30)
FN:309,(anonymous_31)
FN:309,(anonymous_32)
FN:311,(anonymous_33)
FN:319,(anonymous_34)
FN:323,(anonymous_35)
FN:334,(anonymous_36)
FN:338,(anonymous_37)
FN:346,(anonymous_38)
FN:350,(anonymous_39)
FN:358,(anonymous_40)
FN:362,(anonymous_41)
FN:363,(anonymous_42)
FN:371,(anonymous_43)
FN:375,(anonymous_44)
FN:376,(anonymous_45)
FN:382,(anonymous_46)
FN:383,(anonymous_47)
FN:389,(anonymous_48)
FN:394,(anonymous_49)
FN:398,(anonymous_50)
FN:399,(anonymous_51)
FN:400,(anonymous_52)
FN:414,(anonymous_53)
FN:425,(anonymous_54)
FN:426,(anonymous_55)
FN:427,(anonymous_56)
FN:435,(anonymous_57)
FN:436,(anonymous_58)
FN:437,(anonymous_59)
FN:445,(anonymous_60)
FN:446,(anonymous_61)
FN:447,(anonymous_62)
FN:455,(anonymous_63)
FN:456,(anonymous_64)
FN:457,(anonymous_65)
FN:465,(anonymous_66)
FN:466,(anonymous_67)
FN:467,(anonymous_68)
FN:473,(anonymous_69)
FN:474,(anonymous_70)
FN:475,(anonymous_71)
FN:485,(anonymous_72)
FN:492,(anonymous_73)
FN:493,(anonymous_74)
FN:494,(anonymous_75)
FNF:76
FNH:25
FNDA:0,isMutatingNodeChange
FNDA:0,nextNodeId
FNDA:0,(anonymous_2)
FNDA:0,(anonymous_3)
FNDA:0,nextConnectorNodeId
FNDA:0,(anonymous_5)
FNDA:0,(anonymous_6)
FNDA:0,nextDecisionNodeId
FNDA:0,(anonymous_8)
FNDA:0,(anonymous_9)
FNDA:0,nextKnowledgeNodeId
FNDA:0,(anonymous_11)
FNDA:0,(anonymous_12)
FNDA:1,(anonymous_13)
FNDA:8,(anonymous_14)
FNDA:8,(anonymous_15)
FNDA:0,(anonymous_16)
FNDA:0,(anonymous_17)
FNDA:0,(anonymous_18)
FNDA:0,(anonymous_19)
FNDA:0,(anonymous_20)
FNDA:0,(anonymous_21)
FNDA:0,(anonymous_22)
FNDA:0,(anonymous_23)
FNDA:0,(anonymous_24)
FNDA:0,(anonymous_25)
FNDA:0,(anonymous_26)
FNDA:0,(anonymous_27)
FNDA:0,(anonymous_28)
FNDA:0,(anonymous_29)
FNDA:0,(anonymous_30)
FNDA:0,(anonymous_31)
FNDA:0,(anonymous_32)
FNDA:0,(anonymous_33)
FNDA:0,(anonymous_34)
FNDA:0,(anonymous_35)
FNDA:0,(anonymous_36)
FNDA:0,(anonymous_37)
FNDA:0,(anonymous_38)
FNDA:0,(anonymous_39)
FNDA:0,(anonymous_40)
FNDA:0,(anonymous_41)
FNDA:0,(anonymous_42)
FNDA:0,(anonymous_43)
FNDA:1,(anonymous_44)
FNDA:1,(anonymous_45)
FNDA:1,(anonymous_46)
FNDA:1,(anonymous_47)
FNDA:1,(anonymous_48)
FNDA:1,(anonymous_49)
FNDA:1,(anonymous_50)
FNDA:1,(anonymous_51)
FNDA:1,(anonymous_52)
FNDA:0,(anonymous_53)
FNDA:1,(anonymous_54)
FNDA:1,(anonymous_55)
FNDA:1,(anonymous_56)
FNDA:0,(anonymous_57)
FNDA:0,(anonymous_58)
FNDA:0,(anonymous_59)
FNDA:0,(anonymous_60)
FNDA:0,(anonymous_61)
FNDA:0,(anonymous_62)
FNDA:0,(anonymous_63)
FNDA:0,(anonymous_64)
FNDA:0,(anonymous_65)
FNDA:1,(anonymous_66)
FNDA:1,(anonymous_67)
FNDA:1,(anonymous_68)
FNDA:2,(anonymous_69)
FNDA:2,(anonymous_70)
FNDA:2,(anonymous_71)
FNDA:8,(anonymous_72)
FNDA:1,(anonymous_73)
FNDA:1,(anonymous_74)
FNDA:1,(anonymous_75)
DA:61,1
DA:163,0
DA:164,0
DA:173,0
DA:174,0
DA:175,0
DA:176,0
DA:182,0
DA:183,0
DA:184,0
DA:185,0
DA:191,0
DA:192,0
DA:193,0
DA:194,0
DA:200,0
DA:201,0
DA:202,0
DA:203,0
DA:206,1
DA:216,8
DA:227,8
DA:237,0
DA:239,0
DA:241,0
DA:242,0
DA:245,0
DA:252,0
DA:253,0
DA:255,0
DA:262,0
DA:264,0
DA:268,0
DA:269,0
DA:272,0
DA:273,0
DA:275,0
DA:276,0
DA:287,0
DA:291,0
DA:303,0
DA:306,0
DA:309,0
DA:312,0
DA:313,0
DA:319,0
DA:320,0
DA:324,0
DA:325,0
DA:334,0
DA:335,0
DA:339,0
DA:340,0
DA:346,0
DA:347,0
DA:351,0
DA:352,0
DA:358,0
DA:359,0
DA:363,0
DA:364,0
DA:365,0
DA:371,0
DA:372,0
DA:376,1
DA:380,1
DA:381,1
DA:382,1
DA:383,1
DA:392,1
DA:396,1
DA:399,1
DA:401,1
DA:402,1
DA:406,1
DA:409,1
DA:414,0
DA:426,1
DA:428,1
DA:436,0
DA:438,0
DA:446,0
DA:448,0
DA:456,0
DA:458,0
DA:466,1
DA:468,1
DA:474,2
DA:476,2
DA:480,2
DA:484,2
DA:485,8
DA:487,2
DA:493,1
DA:494,1
DA:506,1
DA:507,1
LF:97
LH:30
BRDA:163,0,0,0
BRDA:163,0,1,0
BRDA:164,1,0,0
BRDA:164,1,1,0
BRDA:164,1,2,0
BRDA:253,2,0,0
BRDA:253,2,1,0
BRDA:257,3,0,0
BRDA:257,3,1,0
BRDA:264,4,0,0
BRDA:264,4,1,0
BRDA:264,5,0,0
BRDA:264,5,1,0
BRDA:269,6,0,0
BRDA:269,6,1,0
BRDA:269,7,0,0
BRDA:269,7,1,0
BRDA:273,8,0,0
BRDA:273,8,1,0
BRDA:275,9,0,0
BRDA:275,9,1,0
BRDA:282,10,0,0
BRDA:282,10,1,0
BRDA:283,11,0,0
BRDA:283,11,1,0
BRDA:380,12,0,0
BRDA:380,12,1,1
BRDA:383,13,0,1
BRDA:383,13,1,0
BRDA:384,14,0,0
BRDA:384,14,1,1
BRDA:392,15,0,1
BRDA:392,15,1,0
BRDA:396,16,0,1
BRDA:396,16,1,0
BRDA:401,17,0,0
BRDA:401,17,1,1
BRDA:401,18,0,1
BRDA:401,18,1,1
BRDA:406,19,0,0
BRDA:406,19,1,1
BRDA:413,20,0,0
BRDA:413,20,1,1
BRDA:413,21,0,1
BRDA:413,21,1,0
BRDA:416,22,0,0
BRDA:416,22,1,0
BRDA:417,23,0,0
BRDA:417,23,1,0
BRDA:421,24,0,0
BRDA:421,24,1,1
BRDA:421,25,0,1
BRDA:421,25,1,0
BRDA:428,26,0,1
BRDA:428,26,1,0
BRDA:428,27,0,1
BRDA:428,27,1,1
BRDA:438,28,0,0
BRDA:438,28,1,0
BRDA:438,29,0,0
BRDA:438,29,1,0
BRDA:448,30,0,0
BRDA:448,30,1,0
BRDA:448,31,0,0
BRDA:448,31,1,0
BRDA:458,32,0,0
BRDA:458,32,1,0
BRDA:458,33,0,0
BRDA:458,33,1,0
BRDA:468,34,0,1
BRDA:468,34,1,0
BRDA:476,35,0,0
BRDA:476,35,1,2
BRDA:481,36,0,2
BRDA:481,36,1,0
BRDA:496,37,0,0
BRDA:496,37,1,1
BRDA:506,38,0,1
BRDA:506,38,1,0
BRDA:506,39,0,1
BRDA:506,39,1,1
BRF:81
BRH:23
end_of_record
TN:
SF:src/presentation/views/settings/FlowDetailView/yamlToGraph.ts
FN:74,yamlToGraph
FN:168,(anonymous_1)
FN:169,(anonymous_2)
FN:172,(anonymous_3)
FN:173,(anonymous_4)
FN:198,(anonymous_5)
FNF:6
FNH:5
FNDA:2,yamlToGraph
FNDA:2,(anonymous_1)
FNDA:2,(anonymous_2)
FNDA:2,(anonymous_3)
FNDA:2,(anonymous_4)
FNDA:0,(anonymous_5)
DA:15,1
DA:16,1
DA:21,1
DA:22,1
DA:51,1
DA:78,2
DA:81,1
DA:82,1
DA:84,0
DA:86,1
DA:87,0
DA:90,1
DA:91,1
DA:92,1
DA:96,1
DA:97,1
DA:98,1
DA:100,1
DA:101,1
DA:102,2
DA:103,4
DA:104,4
DA:105,4
DA:106,4
DA:107,2
DA:114,1
DA:115,1
DA:116,2
DA:136,1
DA:137,1
DA:138,1
DA:139,1
DA:162,1
DA:163,1
DA:164,1
DA:165,2
DA:166,2
DA:168,2
DA:169,2
DA:170,2
DA:172,2
DA:173,2
DA:174,2
DA:175,1
DA:176,0
DA:196,1
DA:197,1
DA:198,1
DA:199,1
DA:200,3
DA:202,1
DA:203,0
DA:205,1
DA:207,1
DA:208,3
DA:209,3
DA:211,3
DA:216,3
DA:217,3
DA:218,2
DA:222,1
LF:61
LH:57
BRDA:76,0,0,0
BRDA:78,1,0,1
BRDA:78,1,1,1
BRDA:86,2,0,0
BRDA:86,2,1,1
BRDA:86,3,0,1
BRDA:86,3,1,1
BRDA:86,3,2,1
BRDA:91,4,0,1
BRDA:91,4,1,0
BRDA:92,5,0,1
BRDA:92,5,1,0
BRDA:98,6,0,1
BRDA:98,6,1,0
BRDA:103,7,0,0
BRDA:103,7,1,4
BRDA:106,8,0,2
BRDA:106,8,1,2
BRDA:106,9,0,4
BRDA:106,9,1,3
BRDA:118,10,0,1
BRDA:118,10,1,1
BRDA:137,11,0,0
BRDA:137,11,1,1
BRDA:138,12,0,1
BRDA:138,12,1,0
BRDA:141,13,0,1
BRDA:141,13,1,0
BRDA:165,14,0,0
BRDA:165,14,1,2
BRDA:165,15,0,2
BRDA:165,15,1,2
BRDA:169,16,0,2
BRDA:169,16,1,2
BRDA:169,16,2,1
BRDA:173,17,0,2
BRDA:173,17,1,2
BRDA:173,17,2,2
BRDA:183,18,0,0
BRDA:183,18,1,0
BRDA:183,19,0,0
BRDA:183,19,1,0
BRDA:209,20,0,3
BRDA:209,20,1,0
BRDA:217,21,0,2
BRDA:217,21,1,1
BRF:46
BRH:31
end_of_record
TN:
SF:src/presentation/views/settings/FlowsView/FlowCard.tsx
FN:31,FlowCard
FN:39,(anonymous_1)
FN:41,(anonymous_2)
FN:56,(anonymous_3)
FN:68,(anonymous_4)
FN:122,(anonymous_5)
FNF:6
FNH:0
FNDA:0,FlowCard
FNDA:0,(anonymous_1)
FNDA:0,(anonymous_2)
FNDA:0,(anonymous_3)
FNDA:0,(anonymous_4)
FNDA:0,(anonymous_5)
DA:23,0
DA:32,0
DA:33,0
DA:34,0
DA:36,0
DA:37,0
DA:39,0
DA:41,0
DA:42,0
DA:43,0
DA:44,0
DA:46,0
DA:47,0
DA:48,0
DA:50,0
DA:51,0
DA:52,0
DA:56,0
DA:57,0
DA:58,0
DA:60,0
DA:61,0
DA:62,0
DA:64,0
DA:68,0
DA:69,0
DA:70,0
DA:72,0
DA:76,0
DA:122,0
LF:30
LH:0
BRDA:36,0,0,0
BRDA:36,0,1,0
BRDA:46,1,0,0
BRDA:46,1,1,0
BRDA:46,2,0,0
BRDA:46,2,1,0
BRDA:51,3,0,0
BRDA:51,3,1,0
BRDA:51,4,0,0
BRDA:51,4,1,0
BRDA:57,5,0,0
BRDA:57,5,1,0
BRDA:60,6,0,0
BRDA:60,6,1,0
BRDA:86,7,0,0
BRDA:86,7,1,0
BRDA:98,8,0,0
BRDA:98,8,1,0
BRDA:99,9,0,0
BRDA:99,9,1,0
BRDA:107,10,0,0
BRDA:107,10,1,0
BRDA:112,11,0,0
BRDA:112,11,1,0
BRDA:115,12,0,0
BRDA:115,12,1,0
BRDA:129,13,0,0
BRDA:129,13,1,0
BRF:28
BRH:0
end_of_record
TN:
SF:src/presentation/views/settings/FlowsView/FlowsView.tsx
FN:12,FlowsView
FN:44,(anonymous_1)
FNF:2
FNH:0
FNDA:0,FlowsView
FNDA:0,(anonymous_1)
DA:13,0
DA:15,0
DA:45,0
LF:3
LH:0
BRDA:31,0,0,0
BRDA:31,0,1,0
BRDA:32,1,0,0
BRDA:32,1,1,0
BRDA:34,2,0,0
BRDA:34,2,1,0
BRDA:34,2,2,0
BRDA:34,2,3,0
BRDA:34,3,0,0
BRDA:34,3,1,0
BRDA:42,4,0,0
BRDA:42,4,1,0
BRDA:42,4,2,0
BRF:13
BRH:0
end_of_record
TN:
SF:src/presentation/views/settings/FlowsView/NewFlowDialog.tsx
FN:32,NewFlowDialog
FN:45,(anonymous_1)
FN:52,(anonymous_2)
FN:77,(anonymous_3)
FN:101,(anonymous_4)
FN:111,(anonymous_5)
FN:126,(anonymous_6)
FNF:7
FNH:0
FNDA:0,NewFlowDialog
FNDA:0,(anonymous_1)
FNDA:0,(anonymous_2)
FNDA:0,(anonymous_3)
FNDA:0,(anonymous_4)
FNDA:0,(anonymous_5)
FNDA:0,(anonymous_6)
DA:24,0
DA:33,0
DA:34,0
DA:35,0
DA:36,0
DA:37,0
DA:38,0
DA:39,0
DA:41,0
DA:42,0
DA:43,0
DA:45,0
DA:46,0
DA:47,0
DA:48,0
DA:49,0
DA:52,0
DA:53,0
DA:54,0
DA:55,0
DA:56,0
DA:60,0
DA:61,0
DA:62,0
DA:64,0
DA:65,0
DA:66,0
DA:68,0
DA:69,0
DA:70,0
DA:74,0
DA:78,0
DA:79,0
DA:101,0
DA:112,0
DA:113,0
DA:126,0
LF:37
LH:0
BRDA:41,0,0,0
BRDA:41,0,1,0
BRDA:43,1,0,0
BRDA:43,1,1,0
BRDA:43,1,2,0
BRDA:53,2,0,0
BRDA:53,2,1,0
BRDA:64,3,0,0
BRDA:64,3,1,0
BRDA:64,4,0,0
BRDA:64,4,1,0
BRDA:69,5,0,0
BRDA:69,5,1,0
BRDA:69,6,0,0
BRDA:69,6,1,0
BRDA:79,7,0,0
BRDA:79,7,1,0
BRDA:116,8,0,0
BRDA:116,8,1,0
BRDA:118,9,0,0
BRDA:118,9,1,0
BRDA:118,9,2,0
BRDA:122,10,0,0
BRDA:122,10,1,0
BRF:24
BRH:0
end_of_record
TN:
SF:src/presentation/views/settings/KnowledgeView/KnowledgeLibraryCard.tsx
FN:27,KnowledgeLibraryCard
FN:32,handleArchive
FN:50,(anonymous_2)
FN:50,(anonymous_3)
FN:113,messageFrom
FNF:5
FNH:0
FNDA:0,KnowledgeLibraryCard
FNDA:0,handleArchive
FNDA:0,(anonymous_2)
FNDA:0,(anonymous_3)
FNDA:0,messageFrom
DA:28,0
DA:29,0
DA:30,0
DA:33,0
DA:34,0
DA:35,0
DA:37,0
DA:38,0
DA:42,0
DA:50,0
DA:114,0
DA:116,0
DA:117,0
LF:13
LH:0
BRDA:55,0,0,0
BRDA:55,0,1,0
BRDA:91,1,0,0
BRDA:91,1,1,0
BRDA:97,2,0,0
BRDA:97,2,1,0
BRDA:116,3,0,0
BRDA:116,3,1,0
BRF:8
BRH:0
end_of_record
TN:
SF:src/presentation/views/settings/KnowledgeView/KnowledgeView.tsx
FN:26,KnowledgeView
FN:44,(anonymous_1)
FN:44,(anonymous_2)
FN:53,(anonymous_3)
FN:77,(anonymous_4)
FN:87,CreateLibraryForm
FN:96,handleSubmit
FN:123,(anonymous_7)
FN:132,(anonymous_8)
FN:142,(anonymous_9)
FN:172,messageFrom
FNF:11
FNH:0
FNDA:0,KnowledgeView
FNDA:0,(anonymous_1)
FNDA:0,(anonymous_2)
FNDA:0,(anonymous_3)
FNDA:0,(anonymous_4)
FNDA:0,CreateLibraryForm
FNDA:0,handleSubmit
FNDA:0,(anonymous_7)
FNDA:0,(anonymous_8)
FNDA:0,(anonymous_9)
FNDA:0,messageFrom
DA:27,0
DA:28,0
DA:30,0
DA:44,0
DA:53,0
DA:78,0
DA:88,0
DA:89,0
DA:90,0
DA:91,0
DA:92,0
DA:94,0
DA:97,0
DA:98,0
DA:99,0
DA:100,0
DA:105,0
DA:107,0
DA:111,0
DA:123,0
DA:132,0
DA:142,0
DA:173,0
DA:175,0
DA:176,0
LF:25
LH:0
BRDA:27,0,0,0
BRDA:53,1,0,0
BRDA:53,1,1,0
BRDA:55,2,0,0
BRDA:55,2,1,0
BRDA:59,3,0,0
BRDA:59,3,1,0
BRDA:63,4,0,0
BRDA:63,4,1,0
BRDA:94,5,0,0
BRDA:94,5,1,0
BRDA:103,6,0,0
BRDA:103,6,1,0
BRDA:147,7,0,0
BRDA:147,7,1,0
BRDA:159,8,0,0
BRDA:159,8,1,0
BRDA:161,9,0,0
BRDA:161,9,1,0
BRDA:175,10,0,0
BRDA:175,10,1,0
BRF:21
BRH:0
end_of_record
TN:
SF:src/presentation/views/settings/ProvidersView/ConnectedPanel.tsx
FN:23,ConnectedPanel
FN:30,(anonymous_1)
FN:31,(anonymous_2)
FN:35,(anonymous_3)
FN:42,(anonymous_4)
FN:44,(anonymous_5)
FN:47,handleCellChange
FN:48,(anonymous_7)
FN:50,(anonymous_8)
FN:60,handleCancel
FN:62,(anonymous_10)
FN:65,handleSave
FN:68,(anonymous_12)
FN:72,(anonymous_13)
FN:133,applyPending
FN:145,isNoOp
FNF:16
FNH:0
FNDA:0,ConnectedPanel
FNDA:0,(anonymous_1)
FNDA:0,(anonymous_2)
FNDA:0,(anonymous_3)
FNDA:0,(anonymous_4)
FNDA:0,(anonymous_5)
FNDA:0,handleCellChange
FNDA:0,(anonymous_7)
FNDA:0,(anonymous_8)
FNDA:0,handleCancel
FNDA:0,(anonymous_10)
FNDA:0,handleSave
FNDA:0,(anonymous_12)
FNDA:0,(anonymous_13)
FNDA:0,applyPending
FNDA:0,isNoOp
DA:24,0
DA:25,0
DA:26,0
DA:28,0
DA:30,0
DA:31,0
DA:32,0
DA:33,0
DA:35,0
DA:38,0
DA:39,0
DA:40,0
DA:42,0
DA:43,0
DA:44,0
DA:48,0
DA:49,0
DA:50,0
DA:51,0
DA:52,0
DA:53,0
DA:54,0
DA:56,0
DA:61,0
DA:62,0
DA:66,0
DA:67,0
DA:68,0
DA:69,0
DA:70,0
DA:71,0
DA:72,0
DA:75,0
DA:79,0
DA:134,0
DA:135,0
DA:136,0
DA:137,0
DA:138,0
DA:139,0
DA:140,0
DA:141,0
DA:146,0
DA:147,0
DA:148,0
DA:149,0
DA:150,0
DA:151,0
LF:48
LH:0
BRDA:32,0,0,0
BRDA:32,0,1,0
BRDA:32,1,0,0
BRDA:32,1,1,0
BRDA:49,2,0,0
BRDA:49,2,1,0
BRDA:51,3,0,0
BRDA:51,3,1,0
BRDA:51,4,0,0
BRDA:51,4,1,0
BRDA:66,5,0,0
BRDA:66,5,1,0
BRDA:66,6,0,0
BRDA:66,6,1,0
BRDA:81,7,0,0
BRDA:81,7,1,0
BRDA:82,8,0,0
BRDA:82,8,1,0
BRDA:88,9,0,0
BRDA:88,9,1,0
BRDA:93,10,0,0
BRDA:93,10,1,0
BRDA:95,11,0,0
BRDA:95,11,1,0
BRDA:107,12,0,0
BRDA:107,12,1,0
BRDA:109,13,0,0
BRDA:109,13,1,0
BRDA:119,14,0,0
BRDA:119,14,1,0
BRDA:122,15,0,0
BRDA:122,15,1,0
BRDA:134,16,0,0
BRDA:134,16,1,0
BRDA:136,17,0,0
BRDA:136,17,1,0
BRDA:137,18,0,0
BRDA:137,18,1,0
BRDA:138,19,0,0
BRDA:138,19,1,0
BRDA:139,20,0,0
BRDA:139,20,1,0
BRDA:140,21,0,0
BRDA:140,21,1,0
BRDA:146,22,0,0
BRDA:146,22,1,0
BRDA:146,23,0,0
BRDA:146,23,1,0
BRDA:147,24,0,0
BRDA:147,24,1,0
BRDA:147,25,0,0
BRDA:147,25,1,0
BRDA:148,26,0,0
BRDA:148,26,1,0
BRDA:148,27,0,0
BRDA:148,27,1,0
BRDA:149,28,0,0
BRDA:149,28,1,0
BRDA:149,29,0,0
BRDA:149,29,1,0
BRDA:150,30,0,0
BRDA:150,30,1,0
BRF:62
BRH:0
end_of_record
TN:
SF:src/presentation/views/settings/ProvidersView/ModelGrid.tsx
FN:5,perMillion
FN:16,(anonymous_1)
FN:24,(anonymous_2)
FN:25,(anonymous_3)
FN:26,(anonymous_4)
FN:33,(anonymous_5)
FN:42,(anonymous_6)
FN:51,(anonymous_7)
FN:52,(anonymous_8)
FN:53,(anonymous_9)
FN:60,(anonymous_10)
FN:61,(anonymous_11)
FN:62,(anonymous_12)
FN:69,(anonymous_13)
FN:70,(anonymous_14)
FN:71,(anonymous_15)
FN:83,ModelGrid
FN:89,(anonymous_17)
FN:90,(anonymous_18)
FN:91,(anonymous_19)
FNF:20
FNH:0
FNDA:0,perMillion
FNDA:0,(anonymous_1)
FNDA:0,(anonymous_2)
FNDA:0,(anonymous_3)
FNDA:0,(anonymous_4)
FNDA:0,(anonymous_5)
FNDA:0,(anonymous_6)
FNDA:0,(anonymous_7)
FNDA:0,(anonymous_8)
FNDA:0,(anonymous_9)
FNDA:0,(anonymous_10)
FNDA:0,(anonymous_11)
FNDA:0,(anonymous_12)
FNDA:0,(anonymous_13)
FNDA:0,(anonymous_14)
FNDA:0,(anonymous_15)
FNDA:0,ModelGrid
FNDA:0,(anonymous_17)
FNDA:0,(anonymous_18)
FNDA:0,(anonymous_19)
DA:6,0
DA:7,0
DA:11,0
DA:17,0
DA:24,0
DA:25,0
DA:26,0
DA:34,0
DA:43,0
DA:51,0
DA:52,0
DA:53,0
DA:60,0
DA:61,0
DA:62,0
DA:69,0
DA:70,0
DA:71,0
DA:84,0
DA:89,0
DA:90,0
DA:91,0
LF:22
LH:0
BRDA:7,0,0,0
BRDA:7,0,1,0
BRDA:7,1,0,0
BRDA:7,1,1,0
BRF:4
BRH:0
end_of_record
TN:
SF:src/presentation/views/settings/ProvidersView/ProviderConnectForm.tsx
FN:22,ProviderConnectForm
FN:34,(anonymous_1)
FN:42,(anonymous_2)
FN:52,(anonymous_3)
FN:62,(anonymous_4)
FNF:5
FNH:0
FNDA:0,ProviderConnectForm
FNDA:0,(anonymous_1)
FNDA:0,(anonymous_2)
FNDA:0,(anonymous_3)
FNDA:0,(anonymous_4)
DA:30,0
DA:32,0
DA:35,0
DA:42,0
DA:52,0
DA:62,0
LF:6
LH:0
BRDA:36,0,0,0
BRDA:36,0,1,0
BRDA:41,1,0,0
BRDA:41,1,1,0
BRDA:44,2,0,0
BRDA:44,2,1,0
BRDA:46,3,0,0
BRDA:46,3,1,0
BRDA:51,4,0,0
BRDA:51,4,1,0
BRDA:54,5,0,0
BRDA:54,5,1,0
BRDA:61,6,0,0
BRDA:61,6,1,0
BRDA:63,7,0,0
BRDA:63,7,1,0
BRDA:68,8,0,0
BRDA:68,8,1,0
BRDA:71,9,0,0
BRDA:71,9,1,0
BRDA:71,9,2,0
BRDA:77,10,0,0
BRDA:77,10,1,0
BRDA:84,11,0,0
BRDA:84,11,1,0
BRF:25
BRH:0
end_of_record
TN:
SF:src/presentation/views/settings/ProvidersView/ProviderModal.tsx
FN:45,ProviderModal
FN:76,(anonymous_1)
FNF:2
FNH:0
FNDA:0,ProviderModal
FNDA:0,(anonymous_1)
DA:67,0
DA:69,0
DA:71,0
DA:72,0
DA:73,0
DA:75,0
DA:76,0
LF:7
LH:0
BRDA:69,0,0,0
BRDA:69,0,1,0
BRDA:76,1,0,0
BRDA:76,1,1,0
BRDA:86,2,0,0
BRDA:86,2,1,0
BRDA:90,3,0,0
BRDA:90,3,1,0
BRDA:107,4,0,0
BRDA:107,4,1,0
BRDA:118,5,0,0
BRDA:118,5,1,0
BRDA:120,6,0,0
BRDA:120,6,1,0
BRDA:131,7,0,0
BRDA:131,7,1,0
BRDA:137,8,0,0
BRDA:137,8,1,0
BRDA:140,9,0,0
BRDA:140,9,1,0
BRDA:144,10,0,0
BRDA:144,10,1,0
BRDA:144,10,2,0
BRDA:147,11,0,0
BRDA:147,11,1,0
BRDA:147,11,2,0
BRDA:147,11,3,0
BRDA:163,12,0,0
BRDA:163,12,1,0
BRF:29
BRH:0
end_of_record
TN:
SF:src/presentation/views/settings/ProvidersView/ProviderTile.tsx
FN:22,ProviderTile
FN:35,handleToggle
FN:51,(anonymous_2)
FN:52,(anonymous_3)
FN:53,(anonymous_4)
FNF:5
FNH:0
FNDA:0,ProviderTile
FNDA:0,handleToggle
FNDA:0,(anonymous_2)
FNDA:0,(anonymous_3)
FNDA:0,(anonymous_4)
DA:29,0
DA:30,0
DA:31,0
DA:32,0
DA:33,0
DA:36,0
DA:37,0
DA:38,0
DA:39,0
DA:40,0
DA:42,0
DA:46,0
DA:51,0
DA:52,0
DA:53,0
LF:15
LH:0
BRDA:37,0,0,0
BRDA:37,0,1,0
BRDA:37,1,0,0
BRDA:37,1,1,0
BRDA:51,2,0,0
BRDA:51,2,1,0
BRDA:59,3,0,0
BRDA:59,3,1,0
BRDA:60,4,0,0
BRDA:60,4,1,0
BRDA:63,5,0,0
BRDA:63,5,1,0
BRDA:69,6,0,0
BRDA:69,6,1,0
BRDA:75,7,0,0
BRDA:75,7,1,0
BRDA:81,8,0,0
BRDA:81,8,1,0
BRDA:89,9,0,0
BRDA:89,9,1,0
BRDA:93,10,0,0
BRDA:93,10,1,0
BRDA:93,11,0,0
BRDA:93,11,1,0
BRDA:98,12,0,0
BRDA:98,12,1,0
BRDA:102,13,0,0
BRDA:102,13,1,0
BRDA:129,14,0,0
BRDA:129,14,1,0
BRDA:134,15,0,0
BRDA:134,15,1,0
BRF:32
BRH:0
end_of_record
TN:
SF:src/presentation/views/settings/ProvidersView/ProvidersView.tsx
FN:24,ProvidersView
FN:44,(anonymous_1)
FN:46,openModal
FN:55,closeModal
FN:64,handleConnect
FN:85,handleDisconnect
FN:100,handleRefresh
FN:116,handleToggle
FN:120,(anonymous_8)
FN:152,(anonymous_9)
FN:160,(anonymous_10)
FN:161,(anonymous_11)
FN:184,(anonymous_12)
FN:184,(anonymous_13)
FN:201,summarizeRefresh
FNF:15
FNH:0
FNDA:0,ProvidersView
FNDA:0,(anonymous_1)
FNDA:0,openModal
FNDA:0,closeModal
FNDA:0,handleConnect
FNDA:0,handleDisconnect
FNDA:0,handleRefresh
FNDA:0,handleToggle
FNDA:0,(anonymous_8)
FNDA:0,(anonymous_9)
FNDA:0,(anonymous_10)
FNDA:0,(anonymous_11)
FNDA:0,(anonymous_12)
FNDA:0,(anonymous_13)
FNDA:0,summarizeRefresh
DA:25,0
DA:27,0
DA:28,0
DA:29,0
DA:30,0
DA:32,0
DA:33,0
DA:34,0
DA:35,0
DA:36,0
DA:37,0
DA:38,0
DA:39,0
DA:40,0
DA:41,0
DA:42,0
DA:44,0
DA:47,0
DA:48,0
DA:49,0
DA:50,0
DA:51,0
DA:52,0
DA:56,0
DA:57,0
DA:58,0
DA:59,0
DA:60,0
DA:61,0
DA:65,0
DA:66,0
DA:67,0
DA:68,0
DA:69,0
DA:70,0
DA:71,0
DA:75,0
DA:81,0
DA:86,0
DA:87,0
DA:88,0
DA:89,0
DA:90,0
DA:91,0
DA:92,0
DA:94,0
DA:96,0
DA:101,0
DA:102,0
DA:103,0
DA:104,0
DA:105,0
DA:106,0
DA:107,0
DA:108,0
DA:110,0
DA:112,0
DA:117,0
DA:118,0
DA:120,0
DA:124,0
DA:125,0
DA:127,0
DA:153,0
DA:154,0
DA:160,0
DA:161,0
DA:184,0
DA:202,0
DA:203,0
DA:204,0
DA:205,0
DA:206,0
LF:73
LH:0
BRDA:25,0,0,0
BRDA:44,1,0,0
BRDA:44,1,1,0
BRDA:44,2,0,0
BRDA:44,2,1,0
BRDA:65,3,0,0
BRDA:65,3,1,0
BRDA:76,4,0,0
BRDA:76,4,1,0
BRDA:87,5,0,0
BRDA:87,5,1,0
BRDA:102,6,0,0
BRDA:102,6,1,0
BRDA:124,7,0,0
BRDA:124,7,1,0
BRDA:125,8,0,0
BRDA:125,8,1,0
BRDA:139,9,0,0
BRDA:139,9,1,0
BRDA:142,10,0,0
BRDA:142,10,1,0
BRDA:146,11,0,0
BRDA:146,11,1,0
BRDA:150,12,0,0
BRDA:150,12,1,0
BRDA:150,12,2,0
BRDA:150,12,3,0
BRDA:160,13,0,0
BRDA:160,13,1,0
BRDA:168,14,0,0
BRDA:168,14,1,0
BRDA:168,14,2,0
BRDA:168,14,3,0
BRDA:203,15,0,0
BRDA:203,15,1,0
BRDA:204,16,0,0
BRDA:204,16,1,0
BRDA:205,17,0,0
BRDA:205,17,1,0
BRDA:206,18,0,0
BRDA:206,18,1,0
BRF:41
BRH:0
end_of_record
